

Started GET "/" for 127.0.0.1 at 2015-01-21 16:46:04 -0700
Processing by Rails::WelcomeController#index as HTML
  Rendered /Users/codybrown/.rvm/gems/ruby-2.1.5/gems/railties-4.1.8/lib/rails/templates/rails/welcome/index.html.erb (1.7ms)
Completed 200 OK in 17ms (Views: 7.8ms | ActiveRecord: 0.0ms)


Started GET "/" for 127.0.0.1 at 2015-01-23 16:05:38 -0700
Processing by Rails::WelcomeController#index as HTML
  Rendered /Users/codybrown/.rvm/gems/ruby-2.1.5/gems/railties-4.1.8/lib/rails/templates/rails/welcome/index.html.erb (1.7ms)
Completed 200 OK in 16ms (Views: 7.7ms | ActiveRecord: 0.0ms)


Started GET "/rails/info/properties" for 127.0.0.1 at 2015-01-23 16:07:01 -0700
Processing by Rails::InfoController#properties as */*
  Rendered /Users/codybrown/.rvm/gems/ruby-2.1.5/gems/railties-4.1.8/lib/rails/templates/rails/info/properties.html.erb (0.4ms)
Completed 200 OK in 33ms (Views: 7.3ms | ActiveRecord: 1.4ms)
  [1m[36m (1.0ms)[0m  [1mCREATE TABLE "schema_migrations" ("version" varchar(255) NOT NULL) [0m
  [1m[35m (0.1ms)[0m  select sqlite_version(*)
  [1m[36m (0.6ms)[0m  [1mCREATE UNIQUE INDEX "unique_schema_migrations" ON "schema_migrations" ("version")[0m
  [1m[35mActiveRecord::SchemaMigration Load (0.1ms)[0m  SELECT "schema_migrations".* FROM "schema_migrations"
Migrating to CreatePlanets (20150123233824)
  [1m[36m (0.0ms)[0m  [1mbegin transaction[0m
  [1m[35m (0.3ms)[0m  CREATE TABLE "planets" ("id" INTEGER PRIMARY KEY AUTOINCREMENT NOT NULL, "name" varchar(255), "position" integer, "orbital_speed" decimal, "volume" decimal, "mass" decimal, "created_at" datetime, "updated_at" datetime) 
  [1m[36mSQL (0.2ms)[0m  [1mINSERT INTO "schema_migrations" ("version") VALUES (?)[0m  [["version", "20150123233824"]]
  [1m[35m (0.8ms)[0m  commit transaction
  [1m[36mActiveRecord::SchemaMigration Load (0.1ms)[0m  [1mSELECT "schema_migrations".* FROM "schema_migrations"[0m


Started GET "/planets" for 127.0.0.1 at 2015-01-23 16:45:42 -0700
  [1m[36mActiveRecord::SchemaMigration Load (0.2ms)[0m  [1mSELECT "schema_migrations".* FROM "schema_migrations"[0m

ActionController::RoutingError (No route matches [GET] "/planets"):
  actionpack (4.1.8) lib/action_dispatch/middleware/debug_exceptions.rb:21:in `call'
  actionpack (4.1.8) lib/action_dispatch/middleware/show_exceptions.rb:30:in `call'
  railties (4.1.8) lib/rails/rack/logger.rb:38:in `call_app'
  railties (4.1.8) lib/rails/rack/logger.rb:20:in `block in call'
  activesupport (4.1.8) lib/active_support/tagged_logging.rb:68:in `block in tagged'
  activesupport (4.1.8) lib/active_support/tagged_logging.rb:26:in `tagged'
  activesupport (4.1.8) lib/active_support/tagged_logging.rb:68:in `tagged'
  railties (4.1.8) lib/rails/rack/logger.rb:20:in `call'
  actionpack (4.1.8) lib/action_dispatch/middleware/request_id.rb:21:in `call'
  rack (1.5.2) lib/rack/methodoverride.rb:21:in `call'
  rack (1.5.2) lib/rack/runtime.rb:17:in `call'
  activesupport (4.1.8) lib/active_support/cache/strategy/local_cache_middleware.rb:26:in `call'
  rack (1.5.2) lib/rack/lock.rb:17:in `call'
  actionpack (4.1.8) lib/action_dispatch/middleware/static.rb:84:in `call'
  rack (1.5.2) lib/rack/sendfile.rb:112:in `call'
  railties (4.1.8) lib/rails/engine.rb:514:in `call'
  railties (4.1.8) lib/rails/application.rb:144:in `call'
  rack (1.5.2) lib/rack/lock.rb:17:in `call'
  rack (1.5.2) lib/rack/content_length.rb:14:in `call'
  rack (1.5.2) lib/rack/handler/webrick.rb:60:in `service'
  /Users/codybrown/.rvm/rubies/ruby-2.1.5/lib/ruby/2.1.0/webrick/httpserver.rb:138:in `service'
  /Users/codybrown/.rvm/rubies/ruby-2.1.5/lib/ruby/2.1.0/webrick/httpserver.rb:94:in `run'
  /Users/codybrown/.rvm/rubies/ruby-2.1.5/lib/ruby/2.1.0/webrick/server.rb:295:in `block in start_thread'


  Rendered /Users/codybrown/.rvm/gems/ruby-2.1.5/gems/actionpack-4.1.8/lib/action_dispatch/middleware/templates/rescues/_trace.html.erb (1.2ms)
  Rendered /Users/codybrown/.rvm/gems/ruby-2.1.5/gems/actionpack-4.1.8/lib/action_dispatch/middleware/templates/routes/_table.html.erb (7.8ms)
  Rendered /Users/codybrown/.rvm/gems/ruby-2.1.5/gems/actionpack-4.1.8/lib/action_dispatch/middleware/templates/rescues/routing_error.html.erb within rescues/layout (20.9ms)


Started GET "/planet" for 127.0.0.1 at 2015-01-23 16:45:46 -0700

ActionController::RoutingError (No route matches [GET] "/planet"):
  actionpack (4.1.8) lib/action_dispatch/middleware/debug_exceptions.rb:21:in `call'
  actionpack (4.1.8) lib/action_dispatch/middleware/show_exceptions.rb:30:in `call'
  railties (4.1.8) lib/rails/rack/logger.rb:38:in `call_app'
  railties (4.1.8) lib/rails/rack/logger.rb:20:in `block in call'
  activesupport (4.1.8) lib/active_support/tagged_logging.rb:68:in `block in tagged'
  activesupport (4.1.8) lib/active_support/tagged_logging.rb:26:in `tagged'
  activesupport (4.1.8) lib/active_support/tagged_logging.rb:68:in `tagged'
  railties (4.1.8) lib/rails/rack/logger.rb:20:in `call'
  actionpack (4.1.8) lib/action_dispatch/middleware/request_id.rb:21:in `call'
  rack (1.5.2) lib/rack/methodoverride.rb:21:in `call'
  rack (1.5.2) lib/rack/runtime.rb:17:in `call'
  activesupport (4.1.8) lib/active_support/cache/strategy/local_cache_middleware.rb:26:in `call'
  rack (1.5.2) lib/rack/lock.rb:17:in `call'
  actionpack (4.1.8) lib/action_dispatch/middleware/static.rb:84:in `call'
  rack (1.5.2) lib/rack/sendfile.rb:112:in `call'
  railties (4.1.8) lib/rails/engine.rb:514:in `call'
  railties (4.1.8) lib/rails/application.rb:144:in `call'
  rack (1.5.2) lib/rack/lock.rb:17:in `call'
  rack (1.5.2) lib/rack/content_length.rb:14:in `call'
  rack (1.5.2) lib/rack/handler/webrick.rb:60:in `service'
  /Users/codybrown/.rvm/rubies/ruby-2.1.5/lib/ruby/2.1.0/webrick/httpserver.rb:138:in `service'
  /Users/codybrown/.rvm/rubies/ruby-2.1.5/lib/ruby/2.1.0/webrick/httpserver.rb:94:in `run'
  /Users/codybrown/.rvm/rubies/ruby-2.1.5/lib/ruby/2.1.0/webrick/server.rb:295:in `block in start_thread'


  Rendered /Users/codybrown/.rvm/gems/ruby-2.1.5/gems/actionpack-4.1.8/lib/action_dispatch/middleware/templates/rescues/_trace.html.erb (0.9ms)
  Rendered /Users/codybrown/.rvm/gems/ruby-2.1.5/gems/actionpack-4.1.8/lib/action_dispatch/middleware/templates/routes/_table.html.erb (0.8ms)
  Rendered /Users/codybrown/.rvm/gems/ruby-2.1.5/gems/actionpack-4.1.8/lib/action_dispatch/middleware/templates/rescues/routing_error.html.erb within rescues/layout (8.2ms)


Started GET "/rails/info/properties" for 127.0.0.1 at 2015-01-23 16:48:32 -0700
Processing by Rails::InfoController#properties as */*
  Rendered /Users/codybrown/.rvm/gems/ruby-2.1.5/gems/railties-4.1.8/lib/rails/templates/rails/info/properties.html.erb (0.0ms)
Completed 200 OK in 6ms (Views: 5.4ms | ActiveRecord: 0.0ms)


Started GET "/" for 127.0.0.1 at 2015-01-26 16:05:35 -0700
  [1m[36mActiveRecord::SchemaMigration Load (0.5ms)[0m  [1mSELECT "schema_migrations".* FROM "schema_migrations"[0m
Processing by Rails::WelcomeController#index as HTML
  Rendered /Users/codybrown/.rvm/gems/ruby-2.1.5/gems/railties-4.1.8/lib/rails/templates/rails/welcome/index.html.erb (2.1ms)
Completed 200 OK in 18ms (Views: 10.3ms | ActiveRecord: 0.0ms)


Started GET "/planets" for 127.0.0.1 at 2015-01-26 16:36:46 -0700

AbstractController::ActionNotFound (The action 'index' could not be found for PlanetsController):
  actionpack (4.1.8) lib/abstract_controller/base.rb:131:in `process'
  actionview (4.1.8) lib/action_view/rendering.rb:30:in `process'
  actionpack (4.1.8) lib/action_controller/metal.rb:196:in `dispatch'
  actionpack (4.1.8) lib/action_controller/metal/rack_delegation.rb:13:in `dispatch'
  actionpack (4.1.8) lib/action_controller/metal.rb:232:in `block in action'
  actionpack (4.1.8) lib/action_dispatch/routing/route_set.rb:82:in `call'
  actionpack (4.1.8) lib/action_dispatch/routing/route_set.rb:82:in `dispatch'
  actionpack (4.1.8) lib/action_dispatch/routing/route_set.rb:50:in `call'
  actionpack (4.1.8) lib/action_dispatch/journey/router.rb:73:in `block in call'
  actionpack (4.1.8) lib/action_dispatch/journey/router.rb:59:in `each'
  actionpack (4.1.8) lib/action_dispatch/journey/router.rb:59:in `call'
  actionpack (4.1.8) lib/action_dispatch/routing/route_set.rb:678:in `call'
  rack (1.5.2) lib/rack/etag.rb:23:in `call'
  rack (1.5.2) lib/rack/conditionalget.rb:25:in `call'
  rack (1.5.2) lib/rack/head.rb:11:in `call'
  actionpack (4.1.8) lib/action_dispatch/middleware/params_parser.rb:27:in `call'
  actionpack (4.1.8) lib/action_dispatch/middleware/flash.rb:254:in `call'
  rack (1.5.2) lib/rack/session/abstract/id.rb:225:in `context'
  rack (1.5.2) lib/rack/session/abstract/id.rb:220:in `call'
  actionpack (4.1.8) lib/action_dispatch/middleware/cookies.rb:560:in `call'
  activerecord (4.1.8) lib/active_record/query_cache.rb:36:in `call'
  activerecord (4.1.8) lib/active_record/connection_adapters/abstract/connection_pool.rb:621:in `call'
  activerecord (4.1.8) lib/active_record/migration.rb:380:in `call'
  actionpack (4.1.8) lib/action_dispatch/middleware/callbacks.rb:29:in `block in call'
  activesupport (4.1.8) lib/active_support/callbacks.rb:82:in `run_callbacks'
  actionpack (4.1.8) lib/action_dispatch/middleware/callbacks.rb:27:in `call'
  actionpack (4.1.8) lib/action_dispatch/middleware/reloader.rb:73:in `call'
  actionpack (4.1.8) lib/action_dispatch/middleware/remote_ip.rb:76:in `call'
  actionpack (4.1.8) lib/action_dispatch/middleware/debug_exceptions.rb:17:in `call'
  actionpack (4.1.8) lib/action_dispatch/middleware/show_exceptions.rb:30:in `call'
  railties (4.1.8) lib/rails/rack/logger.rb:38:in `call_app'
  railties (4.1.8) lib/rails/rack/logger.rb:20:in `block in call'
  activesupport (4.1.8) lib/active_support/tagged_logging.rb:68:in `block in tagged'
  activesupport (4.1.8) lib/active_support/tagged_logging.rb:26:in `tagged'
  activesupport (4.1.8) lib/active_support/tagged_logging.rb:68:in `tagged'
  railties (4.1.8) lib/rails/rack/logger.rb:20:in `call'
  actionpack (4.1.8) lib/action_dispatch/middleware/request_id.rb:21:in `call'
  rack (1.5.2) lib/rack/methodoverride.rb:21:in `call'
  rack (1.5.2) lib/rack/runtime.rb:17:in `call'
  activesupport (4.1.8) lib/active_support/cache/strategy/local_cache_middleware.rb:26:in `call'
  rack (1.5.2) lib/rack/lock.rb:17:in `call'
  actionpack (4.1.8) lib/action_dispatch/middleware/static.rb:84:in `call'
  rack (1.5.2) lib/rack/sendfile.rb:112:in `call'
  railties (4.1.8) lib/rails/engine.rb:514:in `call'
  railties (4.1.8) lib/rails/application.rb:144:in `call'
  rack (1.5.2) lib/rack/lock.rb:17:in `call'
  rack (1.5.2) lib/rack/content_length.rb:14:in `call'
  rack (1.5.2) lib/rack/handler/webrick.rb:60:in `service'
  /Users/codybrown/.rvm/rubies/ruby-2.1.5/lib/ruby/2.1.0/webrick/httpserver.rb:138:in `service'
  /Users/codybrown/.rvm/rubies/ruby-2.1.5/lib/ruby/2.1.0/webrick/httpserver.rb:94:in `run'
  /Users/codybrown/.rvm/rubies/ruby-2.1.5/lib/ruby/2.1.0/webrick/server.rb:295:in `block in start_thread'


  Rendered /Users/codybrown/.rvm/gems/ruby-2.1.5/gems/actionpack-4.1.8/lib/action_dispatch/middleware/templates/rescues/unknown_action.html.erb within rescues/layout (0.4ms)


Started GET "/planets" for 127.0.0.1 at 2015-01-26 16:38:38 -0700
Processing by PlanetsController#index as HTML
Completed 500 Internal Server Error in 1ms

ActionView::MissingTemplate (Missing template planets/index, application/index with {:locale=>[:en], :formats=>[:html], :variants=>[], :handlers=>[:erb, :builder, :raw, :ruby, :coffee, :jbuilder]}. Searched in:
  * "/Users/codybrown/Desktop/cs4990/Rails/planetarium/app/views"
):
  actionview (4.1.8) lib/action_view/path_set.rb:46:in `find'
  actionview (4.1.8) lib/action_view/lookup_context.rb:124:in `find'
  actionview (4.1.8) lib/action_view/renderer/abstract_renderer.rb:18:in `find_template'
  actionview (4.1.8) lib/action_view/renderer/template_renderer.rb:41:in `determine_template'
  actionview (4.1.8) lib/action_view/renderer/template_renderer.rb:8:in `render'
  actionview (4.1.8) lib/action_view/renderer/renderer.rb:42:in `render_template'
  actionview (4.1.8) lib/action_view/renderer/renderer.rb:23:in `render'
  actionview (4.1.8) lib/action_view/rendering.rb:99:in `_render_template'
  actionpack (4.1.8) lib/action_controller/metal/streaming.rb:217:in `_render_template'
  actionview (4.1.8) lib/action_view/rendering.rb:82:in `render_to_body'
  actionpack (4.1.8) lib/action_controller/metal/rendering.rb:32:in `render_to_body'
  actionpack (4.1.8) lib/action_controller/metal/renderers.rb:32:in `render_to_body'
  actionpack (4.1.8) lib/abstract_controller/rendering.rb:25:in `render'
  actionpack (4.1.8) lib/action_controller/metal/rendering.rb:16:in `render'
  actionpack (4.1.8) lib/action_controller/metal/instrumentation.rb:41:in `block (2 levels) in render'
  activesupport (4.1.8) lib/active_support/core_ext/benchmark.rb:12:in `block in ms'
  /Users/codybrown/.rvm/rubies/ruby-2.1.5/lib/ruby/2.1.0/benchmark.rb:294:in `realtime'
  activesupport (4.1.8) lib/active_support/core_ext/benchmark.rb:12:in `ms'
  actionpack (4.1.8) lib/action_controller/metal/instrumentation.rb:41:in `block in render'
  actionpack (4.1.8) lib/action_controller/metal/instrumentation.rb:84:in `cleanup_view_runtime'
  activerecord (4.1.8) lib/active_record/railties/controller_runtime.rb:25:in `cleanup_view_runtime'
  actionpack (4.1.8) lib/action_controller/metal/instrumentation.rb:40:in `render'
  actionpack (4.1.8) lib/action_controller/metal/implicit_render.rb:10:in `default_render'
  actionpack (4.1.8) lib/action_controller/metal/implicit_render.rb:5:in `send_action'
  actionpack (4.1.8) lib/abstract_controller/base.rb:189:in `process_action'
  actionpack (4.1.8) lib/action_controller/metal/rendering.rb:10:in `process_action'
  actionpack (4.1.8) lib/abstract_controller/callbacks.rb:20:in `block in process_action'
  activesupport (4.1.8) lib/active_support/callbacks.rb:113:in `call'
  activesupport (4.1.8) lib/active_support/callbacks.rb:113:in `call'
  activesupport (4.1.8) lib/active_support/callbacks.rb:229:in `block in halting'
  activesupport (4.1.8) lib/active_support/callbacks.rb:229:in `call'
  activesupport (4.1.8) lib/active_support/callbacks.rb:229:in `block in halting'
  activesupport (4.1.8) lib/active_support/callbacks.rb:166:in `call'
  activesupport (4.1.8) lib/active_support/callbacks.rb:166:in `block in halting'
  activesupport (4.1.8) lib/active_support/callbacks.rb:166:in `call'
  activesupport (4.1.8) lib/active_support/callbacks.rb:166:in `block in halting'
  activesupport (4.1.8) lib/active_support/callbacks.rb:166:in `call'
  activesupport (4.1.8) lib/active_support/callbacks.rb:166:in `block in halting'
  activesupport (4.1.8) lib/active_support/callbacks.rb:86:in `call'
  activesupport (4.1.8) lib/active_support/callbacks.rb:86:in `run_callbacks'
  actionpack (4.1.8) lib/abstract_controller/callbacks.rb:19:in `process_action'
  actionpack (4.1.8) lib/action_controller/metal/rescue.rb:29:in `process_action'
  actionpack (4.1.8) lib/action_controller/metal/instrumentation.rb:31:in `block in process_action'
  activesupport (4.1.8) lib/active_support/notifications.rb:159:in `block in instrument'
  activesupport (4.1.8) lib/active_support/notifications/instrumenter.rb:20:in `instrument'
  activesupport (4.1.8) lib/active_support/notifications.rb:159:in `instrument'
  actionpack (4.1.8) lib/action_controller/metal/instrumentation.rb:30:in `process_action'
  actionpack (4.1.8) lib/action_controller/metal/params_wrapper.rb:250:in `process_action'
  activerecord (4.1.8) lib/active_record/railties/controller_runtime.rb:18:in `process_action'
  actionpack (4.1.8) lib/abstract_controller/base.rb:136:in `process'
  actionview (4.1.8) lib/action_view/rendering.rb:30:in `process'
  actionpack (4.1.8) lib/action_controller/metal.rb:196:in `dispatch'
  actionpack (4.1.8) lib/action_controller/metal/rack_delegation.rb:13:in `dispatch'
  actionpack (4.1.8) lib/action_controller/metal.rb:232:in `block in action'
  actionpack (4.1.8) lib/action_dispatch/routing/route_set.rb:82:in `call'
  actionpack (4.1.8) lib/action_dispatch/routing/route_set.rb:82:in `dispatch'
  actionpack (4.1.8) lib/action_dispatch/routing/route_set.rb:50:in `call'
  actionpack (4.1.8) lib/action_dispatch/journey/router.rb:73:in `block in call'
  actionpack (4.1.8) lib/action_dispatch/journey/router.rb:59:in `each'
  actionpack (4.1.8) lib/action_dispatch/journey/router.rb:59:in `call'
  actionpack (4.1.8) lib/action_dispatch/routing/route_set.rb:678:in `call'
  rack (1.5.2) lib/rack/etag.rb:23:in `call'
  rack (1.5.2) lib/rack/conditionalget.rb:25:in `call'
  rack (1.5.2) lib/rack/head.rb:11:in `call'
  actionpack (4.1.8) lib/action_dispatch/middleware/params_parser.rb:27:in `call'
  actionpack (4.1.8) lib/action_dispatch/middleware/flash.rb:254:in `call'
  rack (1.5.2) lib/rack/session/abstract/id.rb:225:in `context'
  rack (1.5.2) lib/rack/session/abstract/id.rb:220:in `call'
  actionpack (4.1.8) lib/action_dispatch/middleware/cookies.rb:560:in `call'
  activerecord (4.1.8) lib/active_record/query_cache.rb:36:in `call'
  activerecord (4.1.8) lib/active_record/connection_adapters/abstract/connection_pool.rb:621:in `call'
  activerecord (4.1.8) lib/active_record/migration.rb:380:in `call'
  actionpack (4.1.8) lib/action_dispatch/middleware/callbacks.rb:29:in `block in call'
  activesupport (4.1.8) lib/active_support/callbacks.rb:82:in `run_callbacks'
  actionpack (4.1.8) lib/action_dispatch/middleware/callbacks.rb:27:in `call'
  actionpack (4.1.8) lib/action_dispatch/middleware/reloader.rb:73:in `call'
  actionpack (4.1.8) lib/action_dispatch/middleware/remote_ip.rb:76:in `call'
  actionpack (4.1.8) lib/action_dispatch/middleware/debug_exceptions.rb:17:in `call'
  actionpack (4.1.8) lib/action_dispatch/middleware/show_exceptions.rb:30:in `call'
  railties (4.1.8) lib/rails/rack/logger.rb:38:in `call_app'
  railties (4.1.8) lib/rails/rack/logger.rb:20:in `block in call'
  activesupport (4.1.8) lib/active_support/tagged_logging.rb:68:in `block in tagged'
  activesupport (4.1.8) lib/active_support/tagged_logging.rb:26:in `tagged'
  activesupport (4.1.8) lib/active_support/tagged_logging.rb:68:in `tagged'
  railties (4.1.8) lib/rails/rack/logger.rb:20:in `call'
  actionpack (4.1.8) lib/action_dispatch/middleware/request_id.rb:21:in `call'
  rack (1.5.2) lib/rack/methodoverride.rb:21:in `call'
  rack (1.5.2) lib/rack/runtime.rb:17:in `call'
  activesupport (4.1.8) lib/active_support/cache/strategy/local_cache_middleware.rb:26:in `call'
  rack (1.5.2) lib/rack/lock.rb:17:in `call'
  actionpack (4.1.8) lib/action_dispatch/middleware/static.rb:84:in `call'
  rack (1.5.2) lib/rack/sendfile.rb:112:in `call'
  railties (4.1.8) lib/rails/engine.rb:514:in `call'
  railties (4.1.8) lib/rails/application.rb:144:in `call'
  rack (1.5.2) lib/rack/lock.rb:17:in `call'
  rack (1.5.2) lib/rack/content_length.rb:14:in `call'
  rack (1.5.2) lib/rack/handler/webrick.rb:60:in `service'
  /Users/codybrown/.rvm/rubies/ruby-2.1.5/lib/ruby/2.1.0/webrick/httpserver.rb:138:in `service'
  /Users/codybrown/.rvm/rubies/ruby-2.1.5/lib/ruby/2.1.0/webrick/httpserver.rb:94:in `run'
  /Users/codybrown/.rvm/rubies/ruby-2.1.5/lib/ruby/2.1.0/webrick/server.rb:295:in `block in start_thread'


  Rendered /Users/codybrown/.rvm/gems/ruby-2.1.5/gems/actionpack-4.1.8/lib/action_dispatch/middleware/templates/rescues/missing_template.html.erb within rescues/layout (0.6ms)


Started GET "/planets" for 127.0.0.1 at 2015-01-26 16:41:12 -0700
Processing by PlanetsController#index as HTML
  Rendered planets/index.html.erb within layouts/application (0.4ms)
Completed 200 OK in 845ms (Views: 844.3ms | ActiveRecord: 0.0ms)


Started GET "/assets/planets.css?body=1" for 127.0.0.1 at 2015-01-26 16:41:13 -0700


Started GET "/assets/application.css?body=1" for 127.0.0.1 at 2015-01-26 16:41:13 -0700


Started GET "/assets/jquery.js?body=1" for 127.0.0.1 at 2015-01-26 16:41:13 -0700


Started GET "/assets/jquery_ujs.js?body=1" for 127.0.0.1 at 2015-01-26 16:41:13 -0700


Started GET "/assets/turbolinks.js?body=1" for 127.0.0.1 at 2015-01-26 16:41:13 -0700


Started GET "/assets/planets.js?body=1" for 127.0.0.1 at 2015-01-26 16:41:13 -0700


Started GET "/assets/application.js?body=1" for 127.0.0.1 at 2015-01-26 16:41:13 -0700


Started GET "/planets" for 127.0.0.1 at 2015-01-26 16:41:45 -0700
Processing by PlanetsController#index as HTML
  Rendered planets/index.html.erb within layouts/application (0.4ms)
Completed 200 OK in 39ms (Views: 38.6ms | ActiveRecord: 0.0ms)


Started GET "/assets/planets.css?body=1" for 127.0.0.1 at 2015-01-26 16:41:45 -0700


Started GET "/assets/jquery.js?body=1" for 127.0.0.1 at 2015-01-26 16:41:45 -0700


Started GET "/assets/application.css?body=1" for 127.0.0.1 at 2015-01-26 16:41:45 -0700


Started GET "/assets/jquery_ujs.js?body=1" for 127.0.0.1 at 2015-01-26 16:41:45 -0700


Started GET "/assets/turbolinks.js?body=1" for 127.0.0.1 at 2015-01-26 16:41:45 -0700


Started GET "/assets/planets.js?body=1" for 127.0.0.1 at 2015-01-26 16:41:45 -0700


Started GET "/assets/application.js?body=1" for 127.0.0.1 at 2015-01-26 16:41:45 -0700


Started GET "/planets" for 127.0.0.1 at 2015-01-26 16:43:06 -0700
Processing by PlanetsController#index as HTML
  Rendered planets/index.html.erb within layouts/application (0.3ms)
Completed 200 OK in 36ms (Views: 35.7ms | ActiveRecord: 0.0ms)


Started GET "/assets/planets.css?body=1" for 127.0.0.1 at 2015-01-26 16:43:06 -0700


Started GET "/assets/application.css?body=1" for 127.0.0.1 at 2015-01-26 16:43:06 -0700


Started GET "/assets/turbolinks.js?body=1" for 127.0.0.1 at 2015-01-26 16:43:06 -0700


Started GET "/assets/jquery_ujs.js?body=1" for 127.0.0.1 at 2015-01-26 16:43:06 -0700


Started GET "/assets/jquery.js?body=1" for 127.0.0.1 at 2015-01-26 16:43:06 -0700


Started GET "/assets/planets.js?body=1" for 127.0.0.1 at 2015-01-26 16:43:06 -0700


Started GET "/assets/application.js?body=1" for 127.0.0.1 at 2015-01-26 16:43:06 -0700


Started GET "/" for 127.0.0.1 at 2015-01-28 16:13:33 -0700
  [1m[36mActiveRecord::SchemaMigration Load (0.5ms)[0m  [1mSELECT "schema_migrations".* FROM "schema_migrations"[0m
Processing by Rails::WelcomeController#index as HTML
  Rendered /Users/codybrown/.rvm/gems/ruby-2.1.5/gems/railties-4.1.8/lib/rails/templates/rails/welcome/index.html.erb (1.8ms)
Completed 200 OK in 14ms (Views: 7.3ms | ActiveRecord: 0.0ms)


Started GET "/planets" for 127.0.0.1 at 2015-01-28 16:13:40 -0700
Processing by PlanetsController#index as HTML
  Rendered planets/index.html.erb within layouts/application (0.3ms)
Completed 200 OK in 86ms (Views: 86.0ms | ActiveRecord: 0.0ms)


Started GET "/assets/planets.css?body=1" for 127.0.0.1 at 2015-01-28 16:13:40 -0700


Started GET "/assets/application.css?body=1" for 127.0.0.1 at 2015-01-28 16:13:40 -0700


Started GET "/assets/jquery.js?body=1" for 127.0.0.1 at 2015-01-28 16:13:40 -0700


Started GET "/assets/jquery_ujs.js?body=1" for 127.0.0.1 at 2015-01-28 16:13:40 -0700


Started GET "/assets/turbolinks.js?body=1" for 127.0.0.1 at 2015-01-28 16:13:40 -0700


Started GET "/assets/planets.js?body=1" for 127.0.0.1 at 2015-01-28 16:13:40 -0700


Started GET "/assets/application.js?body=1" for 127.0.0.1 at 2015-01-28 16:13:40 -0700


Started GET "/new" for 127.0.0.1 at 2015-01-28 16:18:14 -0700

ActionController::RoutingError (No route matches [GET] "/new"):
  actionpack (4.1.8) lib/action_dispatch/middleware/debug_exceptions.rb:21:in `call'
  actionpack (4.1.8) lib/action_dispatch/middleware/show_exceptions.rb:30:in `call'
  railties (4.1.8) lib/rails/rack/logger.rb:38:in `call_app'
  railties (4.1.8) lib/rails/rack/logger.rb:20:in `block in call'
  activesupport (4.1.8) lib/active_support/tagged_logging.rb:68:in `block in tagged'
  activesupport (4.1.8) lib/active_support/tagged_logging.rb:26:in `tagged'
  activesupport (4.1.8) lib/active_support/tagged_logging.rb:68:in `tagged'
  railties (4.1.8) lib/rails/rack/logger.rb:20:in `call'
  actionpack (4.1.8) lib/action_dispatch/middleware/request_id.rb:21:in `call'
  rack (1.5.2) lib/rack/methodoverride.rb:21:in `call'
  rack (1.5.2) lib/rack/runtime.rb:17:in `call'
  activesupport (4.1.8) lib/active_support/cache/strategy/local_cache_middleware.rb:26:in `call'
  rack (1.5.2) lib/rack/lock.rb:17:in `call'
  actionpack (4.1.8) lib/action_dispatch/middleware/static.rb:84:in `call'
  rack (1.5.2) lib/rack/sendfile.rb:112:in `call'
  railties (4.1.8) lib/rails/engine.rb:514:in `call'
  railties (4.1.8) lib/rails/application.rb:144:in `call'
  rack (1.5.2) lib/rack/lock.rb:17:in `call'
  rack (1.5.2) lib/rack/content_length.rb:14:in `call'
  rack (1.5.2) lib/rack/handler/webrick.rb:60:in `service'
  /Users/codybrown/.rvm/rubies/ruby-2.1.5/lib/ruby/2.1.0/webrick/httpserver.rb:138:in `service'
  /Users/codybrown/.rvm/rubies/ruby-2.1.5/lib/ruby/2.1.0/webrick/httpserver.rb:94:in `run'
  /Users/codybrown/.rvm/rubies/ruby-2.1.5/lib/ruby/2.1.0/webrick/server.rb:295:in `block in start_thread'


  Rendered /Users/codybrown/.rvm/gems/ruby-2.1.5/gems/actionpack-4.1.8/lib/action_dispatch/middleware/templates/rescues/_trace.html.erb (1.1ms)
  Rendered /Users/codybrown/.rvm/gems/ruby-2.1.5/gems/actionpack-4.1.8/lib/action_dispatch/middleware/templates/routes/_route.html.erb (1.0ms)
  Rendered /Users/codybrown/.rvm/gems/ruby-2.1.5/gems/actionpack-4.1.8/lib/action_dispatch/middleware/templates/routes/_table.html.erb (6.7ms)
  Rendered /Users/codybrown/.rvm/gems/ruby-2.1.5/gems/actionpack-4.1.8/lib/action_dispatch/middleware/templates/rescues/routing_error.html.erb within rescues/layout (26.9ms)


Started GET "/planets" for 127.0.0.1 at 2015-01-28 16:18:25 -0700
Processing by PlanetsController#index as HTML
  Rendered planets/index.html.erb within layouts/application (0.0ms)
Completed 200 OK in 34ms (Views: 33.8ms | ActiveRecord: 0.0ms)


Started GET "/planets/new" for 127.0.0.1 at 2015-01-28 16:18:31 -0700
Processing by PlanetsController#new as HTML
  Rendered planets/new.html.erb within layouts/application (0.3ms)
Completed 200 OK in 34ms (Views: 33.7ms | ActiveRecord: 0.0ms)


Started GET "/planets/new" for 127.0.0.1 at 2015-01-28 16:23:10 -0700
Processing by PlanetsController#new as HTML
  Rendered planets/new.html.erb within layouts/application (24.5ms)
Completed 500 Internal Server Error in 26ms

ActionView::Template::Error (First argument in form cannot contain nil or be empty):
    1: <% form_for(@planet) do |form| %>
    2: 
    3: 
    4: 
  app/views/planets/new.html.erb:1:in `_app_views_planets_new_html_erb__2898568455251658414_70208039581300'


  Rendered /Users/codybrown/.rvm/gems/ruby-2.1.5/gems/actionpack-4.1.8/lib/action_dispatch/middleware/templates/rescues/_trace.html.erb (1.1ms)
  Rendered /Users/codybrown/.rvm/gems/ruby-2.1.5/gems/actionpack-4.1.8/lib/action_dispatch/middleware/templates/rescues/_request_and_response.html.erb (0.9ms)
  Rendered /Users/codybrown/.rvm/gems/ruby-2.1.5/gems/actionpack-4.1.8/lib/action_dispatch/middleware/templates/rescues/template_error.html.erb within rescues/layout (10.7ms)


Started GET "/planets/new" for 127.0.0.1 at 2015-01-28 16:30:46 -0700
Processing by PlanetsController#new as HTML
  Rendered planets/new.html.erb within layouts/application (5.9ms)
Completed 200 OK in 46ms (Views: 35.4ms | ActiveRecord: 0.7ms)


Started GET "/assets/planets.css?body=1" for 127.0.0.1 at 2015-01-28 16:30:46 -0700


Started GET "/assets/jquery.js?body=1" for 127.0.0.1 at 2015-01-28 16:30:46 -0700


Started GET "/assets/application.css?body=1" for 127.0.0.1 at 2015-01-28 16:30:46 -0700


Started GET "/assets/planets.js?body=1" for 127.0.0.1 at 2015-01-28 16:30:46 -0700


Started GET "/assets/turbolinks.js?body=1" for 127.0.0.1 at 2015-01-28 16:30:46 -0700


Started GET "/assets/jquery_ujs.js?body=1" for 127.0.0.1 at 2015-01-28 16:30:46 -0700


Started GET "/assets/application.js?body=1" for 127.0.0.1 at 2015-01-28 16:30:46 -0700


Started GET "/planets/new" for 127.0.0.1 at 2015-01-28 16:40:51 -0700
Processing by PlanetsController#new as HTML
  Rendered planets/new.html.erb within layouts/application (18.4ms)
Completed 200 OK in 50ms (Views: 49.3ms | ActiveRecord: 0.0ms)


Started GET "/assets/planets.css?body=1" for 127.0.0.1 at 2015-01-28 16:40:51 -0700


Started GET "/assets/application.css?body=1" for 127.0.0.1 at 2015-01-28 16:40:51 -0700


Started GET "/assets/jquery.js?body=1" for 127.0.0.1 at 2015-01-28 16:40:51 -0700


Started GET "/assets/jquery_ujs.js?body=1" for 127.0.0.1 at 2015-01-28 16:40:51 -0700


Started GET "/assets/application.js?body=1" for 127.0.0.1 at 2015-01-28 16:40:51 -0700


Started GET "/assets/turbolinks.js?body=1" for 127.0.0.1 at 2015-01-28 16:40:51 -0700


Started GET "/assets/planets.js?body=1" for 127.0.0.1 at 2015-01-28 16:40:51 -0700


Started GET "/planets/new" for 127.0.0.1 at 2015-01-28 16:41:37 -0700
Processing by PlanetsController#new as HTML
  Rendered planets/new.html.erb within layouts/application (2.1ms)
Completed 200 OK in 43ms (Views: 42.3ms | ActiveRecord: 0.0ms)


Started GET "/assets/planets.css?body=1" for 127.0.0.1 at 2015-01-28 16:41:37 -0700


Started GET "/assets/application.css?body=1" for 127.0.0.1 at 2015-01-28 16:41:37 -0700


Started GET "/assets/jquery.js?body=1" for 127.0.0.1 at 2015-01-28 16:41:37 -0700


Started GET "/assets/turbolinks.js?body=1" for 127.0.0.1 at 2015-01-28 16:41:37 -0700


Started GET "/assets/jquery_ujs.js?body=1" for 127.0.0.1 at 2015-01-28 16:41:37 -0700


Started GET "/assets/planets.js?body=1" for 127.0.0.1 at 2015-01-28 16:41:37 -0700


Started GET "/assets/application.js?body=1" for 127.0.0.1 at 2015-01-28 16:41:37 -0700


Started GET "/planets/new" for 127.0.0.1 at 2015-01-28 16:41:43 -0700
Processing by PlanetsController#new as HTML
  Rendered planets/new.html.erb within layouts/application (2.7ms)
Completed 200 OK in 37ms (Views: 36.6ms | ActiveRecord: 0.0ms)


Started GET "/assets/planets.css?body=1" for 127.0.0.1 at 2015-01-28 16:41:43 -0700


Started GET "/assets/application.css?body=1" for 127.0.0.1 at 2015-01-28 16:41:43 -0700


Started GET "/assets/jquery.js?body=1" for 127.0.0.1 at 2015-01-28 16:41:43 -0700


Started GET "/assets/planets.js?body=1" for 127.0.0.1 at 2015-01-28 16:41:43 -0700


Started GET "/assets/jquery_ujs.js?body=1" for 127.0.0.1 at 2015-01-28 16:41:43 -0700


Started GET "/assets/turbolinks.js?body=1" for 127.0.0.1 at 2015-01-28 16:41:43 -0700


Started GET "/assets/application.js?body=1" for 127.0.0.1 at 2015-01-28 16:41:43 -0700


Started GET "/planets/new" for 127.0.0.1 at 2015-01-28 16:42:17 -0700
Processing by PlanetsController#new as HTML
  Rendered planets/new.html.erb within layouts/application (7.5ms)
Completed 200 OK in 47ms (Views: 45.0ms | ActiveRecord: 0.4ms)


Started GET "/assets/planets.css?body=1" for 127.0.0.1 at 2015-01-28 16:42:17 -0700


Started GET "/assets/application.css?body=1" for 127.0.0.1 at 2015-01-28 16:42:17 -0700


Started GET "/assets/jquery.js?body=1" for 127.0.0.1 at 2015-01-28 16:42:17 -0700


Started GET "/assets/application.js?body=1" for 127.0.0.1 at 2015-01-28 16:42:17 -0700


Started GET "/assets/jquery_ujs.js?body=1" for 127.0.0.1 at 2015-01-28 16:42:17 -0700


Started GET "/assets/turbolinks.js?body=1" for 127.0.0.1 at 2015-01-28 16:42:17 -0700


Started GET "/assets/planets.js?body=1" for 127.0.0.1 at 2015-01-28 16:42:17 -0700


Started GET "/planets/new" for 127.0.0.1 at 2015-01-28 16:43:28 -0700
Processing by PlanetsController#new as HTML
  Rendered planets/new.html.erb within layouts/application (3.2ms)
Completed 200 OK in 37ms (Views: 36.3ms | ActiveRecord: 0.0ms)


Started GET "/assets/planets.css?body=1" for 127.0.0.1 at 2015-01-28 16:43:28 -0700


Started GET "/assets/application.css?body=1" for 127.0.0.1 at 2015-01-28 16:43:28 -0700


Started GET "/assets/jquery_ujs.js?body=1" for 127.0.0.1 at 2015-01-28 16:43:28 -0700


Started GET "/assets/turbolinks.js?body=1" for 127.0.0.1 at 2015-01-28 16:43:28 -0700


Started GET "/assets/jquery.js?body=1" for 127.0.0.1 at 2015-01-28 16:43:28 -0700


Started GET "/assets/planets.js?body=1" for 127.0.0.1 at 2015-01-28 16:43:28 -0700


Started GET "/assets/application.js?body=1" for 127.0.0.1 at 2015-01-28 16:43:28 -0700


Started GET "/planets/new" for 127.0.0.1 at 2015-01-28 16:44:26 -0700
Processing by PlanetsController#new as HTML
  Rendered planets/new.html.erb within layouts/application (2.1ms)
Completed 200 OK in 32ms (Views: 31.8ms | ActiveRecord: 0.0ms)


Started GET "/assets/planets.css?body=1" for 127.0.0.1 at 2015-01-28 16:44:26 -0700


Started GET "/assets/application.css?body=1" for 127.0.0.1 at 2015-01-28 16:44:26 -0700


Started GET "/assets/turbolinks.js?body=1" for 127.0.0.1 at 2015-01-28 16:44:26 -0700


Started GET "/assets/jquery.js?body=1" for 127.0.0.1 at 2015-01-28 16:44:26 -0700


Started GET "/assets/jquery_ujs.js?body=1" for 127.0.0.1 at 2015-01-28 16:44:26 -0700


Started GET "/assets/planets.js?body=1" for 127.0.0.1 at 2015-01-28 16:44:26 -0700


Started GET "/assets/application.js?body=1" for 127.0.0.1 at 2015-01-28 16:44:26 -0700


Started GET "/planets/new" for 127.0.0.1 at 2015-01-28 16:44:28 -0700
Processing by PlanetsController#new as HTML
  Rendered planets/new.html.erb within layouts/application (2.3ms)
Completed 200 OK in 42ms (Views: 41.3ms | ActiveRecord: 0.0ms)


Started GET "/assets/planets.css?body=1" for 127.0.0.1 at 2015-01-28 16:44:28 -0700


Started GET "/assets/application.css?body=1" for 127.0.0.1 at 2015-01-28 16:44:28 -0700


Started GET "/assets/jquery_ujs.js?body=1" for 127.0.0.1 at 2015-01-28 16:44:28 -0700


Started GET "/assets/turbolinks.js?body=1" for 127.0.0.1 at 2015-01-28 16:44:28 -0700


Started GET "/assets/planets.js?body=1" for 127.0.0.1 at 2015-01-28 16:44:28 -0700


Started GET "/assets/jquery.js?body=1" for 127.0.0.1 at 2015-01-28 16:44:28 -0700


Started GET "/assets/application.js?body=1" for 127.0.0.1 at 2015-01-28 16:44:28 -0700


Started GET "/planets/new" for 127.0.0.1 at 2015-01-28 16:44:42 -0700
Processing by PlanetsController#new as HTML
  Rendered planets/new.html.erb within layouts/application (2.4ms)
Completed 200 OK in 32ms (Views: 31.6ms | ActiveRecord: 0.0ms)


Started GET "/assets/planets.css?body=1" for 127.0.0.1 at 2015-01-28 16:44:43 -0700


Started GET "/assets/jquery_ujs.js?body=1" for 127.0.0.1 at 2015-01-28 16:44:43 -0700


Started GET "/assets/turbolinks.js?body=1" for 127.0.0.1 at 2015-01-28 16:44:43 -0700


Started GET "/assets/application.css?body=1" for 127.0.0.1 at 2015-01-28 16:44:43 -0700


Started GET "/assets/planets.js?body=1" for 127.0.0.1 at 2015-01-28 16:44:43 -0700


Started GET "/assets/jquery.js?body=1" for 127.0.0.1 at 2015-01-28 16:44:43 -0700


Started GET "/assets/application.js?body=1" for 127.0.0.1 at 2015-01-28 16:44:43 -0700


Started GET "/planets/new" for 127.0.0.1 at 2015-01-28 16:44:51 -0700
Processing by PlanetsController#new as HTML
  Rendered planets/new.html.erb within layouts/application (3.0ms)
Completed 200 OK in 35ms (Views: 34.4ms | ActiveRecord: 0.0ms)


Started GET "/assets/planets.css?body=1" for 127.0.0.1 at 2015-01-28 16:44:51 -0700


Started GET "/assets/turbolinks.js?body=1" for 127.0.0.1 at 2015-01-28 16:44:51 -0700


Started GET "/assets/jquery.js?body=1" for 127.0.0.1 at 2015-01-28 16:44:51 -0700


Started GET "/assets/jquery_ujs.js?body=1" for 127.0.0.1 at 2015-01-28 16:44:51 -0700


Started GET "/assets/application.css?body=1" for 127.0.0.1 at 2015-01-28 16:44:51 -0700


Started GET "/assets/planets.js?body=1" for 127.0.0.1 at 2015-01-28 16:44:51 -0700


Started GET "/assets/application.js?body=1" for 127.0.0.1 at 2015-01-28 16:44:51 -0700


Started GET "/planets/new" for 127.0.0.1 at 2015-01-28 16:45:18 -0700
Processing by PlanetsController#new as HTML
  Rendered planets/new.html.erb within layouts/application (3.3ms)
Completed 200 OK in 43ms (Views: 42.4ms | ActiveRecord: 0.0ms)


Started GET "/assets/planets.css?body=1" for 127.0.0.1 at 2015-01-28 16:45:18 -0700


Started GET "/assets/application.css?body=1" for 127.0.0.1 at 2015-01-28 16:45:18 -0700


Started GET "/assets/turbolinks.js?body=1" for 127.0.0.1 at 2015-01-28 16:45:18 -0700


Started GET "/assets/jquery_ujs.js?body=1" for 127.0.0.1 at 2015-01-28 16:45:18 -0700


Started GET "/assets/jquery.js?body=1" for 127.0.0.1 at 2015-01-28 16:45:18 -0700


Started GET "/assets/application.js?body=1" for 127.0.0.1 at 2015-01-28 16:45:18 -0700


Started GET "/assets/planets.js?body=1" for 127.0.0.1 at 2015-01-28 16:45:18 -0700


Started GET "/planets/new" for 127.0.0.1 at 2015-01-28 16:45:26 -0700
Processing by PlanetsController#new as HTML
  Rendered planets/new.html.erb within layouts/application (2.8ms)
Completed 200 OK in 33ms (Views: 32.2ms | ActiveRecord: 0.0ms)


Started GET "/assets/planets.css?body=1" for 127.0.0.1 at 2015-01-28 16:45:26 -0700


Started GET "/assets/application.css?body=1" for 127.0.0.1 at 2015-01-28 16:45:26 -0700


Started GET "/assets/jquery.js?body=1" for 127.0.0.1 at 2015-01-28 16:45:26 -0700


Started GET "/assets/jquery_ujs.js?body=1" for 127.0.0.1 at 2015-01-28 16:45:26 -0700


Started GET "/assets/turbolinks.js?body=1" for 127.0.0.1 at 2015-01-28 16:45:26 -0700


Started GET "/assets/planets.js?body=1" for 127.0.0.1 at 2015-01-28 16:45:26 -0700


Started GET "/assets/application.js?body=1" for 127.0.0.1 at 2015-01-28 16:45:26 -0700


Started GET "/planets/new" for 127.0.0.1 at 2015-01-28 16:45:38 -0700
Processing by PlanetsController#new as HTML
  Rendered planets/new.html.erb within layouts/application (3.0ms)
Completed 200 OK in 40ms (Views: 39.3ms | ActiveRecord: 0.0ms)


Started GET "/assets/planets.css?body=1" for 127.0.0.1 at 2015-01-28 16:45:38 -0700


Started GET "/assets/application.css?body=1" for 127.0.0.1 at 2015-01-28 16:45:38 -0700


Started GET "/assets/jquery.js?body=1" for 127.0.0.1 at 2015-01-28 16:45:38 -0700


Started GET "/assets/planets.js?body=1" for 127.0.0.1 at 2015-01-28 16:45:38 -0700


Started GET "/assets/turbolinks.js?body=1" for 127.0.0.1 at 2015-01-28 16:45:38 -0700


Started GET "/assets/jquery_ujs.js?body=1" for 127.0.0.1 at 2015-01-28 16:45:38 -0700


Started GET "/assets/application.js?body=1" for 127.0.0.1 at 2015-01-28 16:45:38 -0700


Started GET "/planets/new" for 127.0.0.1 at 2015-01-28 16:49:52 -0700
Processing by PlanetsController#new as HTML
  Rendered planets/new.html.erb within layouts/application (7.7ms)
Completed 200 OK in 41ms (Views: 38.6ms | ActiveRecord: 0.4ms)


Started GET "/assets/planets.css?body=1" for 127.0.0.1 at 2015-01-28 16:49:52 -0700


Started GET "/assets/application.css?body=1" for 127.0.0.1 at 2015-01-28 16:49:52 -0700


Started GET "/assets/jquery.js?body=1" for 127.0.0.1 at 2015-01-28 16:49:53 -0700


Started GET "/assets/turbolinks.js?body=1" for 127.0.0.1 at 2015-01-28 16:49:53 -0700


Started GET "/assets/jquery_ujs.js?body=1" for 127.0.0.1 at 2015-01-28 16:49:53 -0700


Started GET "/assets/planets.js?body=1" for 127.0.0.1 at 2015-01-28 16:49:53 -0700


Started GET "/assets/application.js?body=1" for 127.0.0.1 at 2015-01-28 16:49:53 -0700
  [1m[36mPlanet Load (2.2ms)[0m  [1mSELECT "planets".* FROM "planets"[0m


Started POST "/planets" for 127.0.0.1 at 2015-01-28 16:50:49 -0700
Processing by PlanetsController#create as HTML
  Parameters: {"utf8"=>"✓", "authenticity_token"=>"cYiAJouM2I7lh7QT0mWASJXYiIaEOQqCayW+hayMaKY=", "planet"=>{"name"=>"Earth", "position"=>"3", "orbital_speed"=>"100", "volume"=>"5000mil", "mass"=>"40.2 bill"}, "commit"=>"Create Planet"}
  [1m[35m (0.1ms)[0m  begin transaction
  [1m[36mSQL (0.8ms)[0m  [1mINSERT INTO "planets" ("created_at", "mass", "name", "orbital_speed", "position", "updated_at", "volume") VALUES (?, ?, ?, ?, ?, ?, ?)[0m  [["created_at", "2015-01-28 23:50:49.922547"], ["mass", 40.2], ["name", "Earth"], ["orbital_speed", 100.0], ["position", 3], ["updated_at", "2015-01-28 23:50:49.922547"], ["volume", 5000.0]]
  [1m[35m (0.6ms)[0m  commit transaction
Completed 500 Internal Server Error in 8ms

ActionView::MissingTemplate (Missing template planets/create, application/create with {:locale=>[:en], :formats=>[:html], :variants=>[], :handlers=>[:erb, :builder, :raw, :ruby, :coffee, :jbuilder]}. Searched in:
  * "/Users/codybrown/Desktop/cs4990/Rails/planetarium/app/views"
):
  actionview (4.1.8) lib/action_view/path_set.rb:46:in `find'
  actionview (4.1.8) lib/action_view/lookup_context.rb:124:in `find'
  actionview (4.1.8) lib/action_view/renderer/abstract_renderer.rb:18:in `find_template'
  actionview (4.1.8) lib/action_view/renderer/template_renderer.rb:41:in `determine_template'
  actionview (4.1.8) lib/action_view/renderer/template_renderer.rb:8:in `render'
  actionview (4.1.8) lib/action_view/renderer/renderer.rb:42:in `render_template'
  actionview (4.1.8) lib/action_view/renderer/renderer.rb:23:in `render'
  actionview (4.1.8) lib/action_view/rendering.rb:99:in `_render_template'
  actionpack (4.1.8) lib/action_controller/metal/streaming.rb:217:in `_render_template'
  actionview (4.1.8) lib/action_view/rendering.rb:82:in `render_to_body'
  actionpack (4.1.8) lib/action_controller/metal/rendering.rb:32:in `render_to_body'
  actionpack (4.1.8) lib/action_controller/metal/renderers.rb:32:in `render_to_body'
  actionpack (4.1.8) lib/abstract_controller/rendering.rb:25:in `render'
  actionpack (4.1.8) lib/action_controller/metal/rendering.rb:16:in `render'
  actionpack (4.1.8) lib/action_controller/metal/instrumentation.rb:41:in `block (2 levels) in render'
  activesupport (4.1.8) lib/active_support/core_ext/benchmark.rb:12:in `block in ms'
  /Users/codybrown/.rvm/rubies/ruby-2.1.5/lib/ruby/2.1.0/benchmark.rb:294:in `realtime'
  activesupport (4.1.8) lib/active_support/core_ext/benchmark.rb:12:in `ms'
  actionpack (4.1.8) lib/action_controller/metal/instrumentation.rb:41:in `block in render'
  actionpack (4.1.8) lib/action_controller/metal/instrumentation.rb:84:in `cleanup_view_runtime'
  activerecord (4.1.8) lib/active_record/railties/controller_runtime.rb:25:in `cleanup_view_runtime'
  actionpack (4.1.8) lib/action_controller/metal/instrumentation.rb:40:in `render'
  actionpack (4.1.8) lib/action_controller/metal/implicit_render.rb:10:in `default_render'
  actionpack (4.1.8) lib/action_controller/metal/implicit_render.rb:5:in `send_action'
  actionpack (4.1.8) lib/abstract_controller/base.rb:189:in `process_action'
  actionpack (4.1.8) lib/action_controller/metal/rendering.rb:10:in `process_action'
  actionpack (4.1.8) lib/abstract_controller/callbacks.rb:20:in `block in process_action'
  activesupport (4.1.8) lib/active_support/callbacks.rb:113:in `call'
  activesupport (4.1.8) lib/active_support/callbacks.rb:113:in `call'
  activesupport (4.1.8) lib/active_support/callbacks.rb:229:in `block in halting'
  activesupport (4.1.8) lib/active_support/callbacks.rb:229:in `call'
  activesupport (4.1.8) lib/active_support/callbacks.rb:229:in `block in halting'
  activesupport (4.1.8) lib/active_support/callbacks.rb:166:in `call'
  activesupport (4.1.8) lib/active_support/callbacks.rb:166:in `block in halting'
  activesupport (4.1.8) lib/active_support/callbacks.rb:166:in `call'
  activesupport (4.1.8) lib/active_support/callbacks.rb:166:in `block in halting'
  activesupport (4.1.8) lib/active_support/callbacks.rb:166:in `call'
  activesupport (4.1.8) lib/active_support/callbacks.rb:166:in `block in halting'
  activesupport (4.1.8) lib/active_support/callbacks.rb:86:in `call'
  activesupport (4.1.8) lib/active_support/callbacks.rb:86:in `run_callbacks'
  actionpack (4.1.8) lib/abstract_controller/callbacks.rb:19:in `process_action'
  actionpack (4.1.8) lib/action_controller/metal/rescue.rb:29:in `process_action'
  actionpack (4.1.8) lib/action_controller/metal/instrumentation.rb:31:in `block in process_action'
  activesupport (4.1.8) lib/active_support/notifications.rb:159:in `block in instrument'
  activesupport (4.1.8) lib/active_support/notifications/instrumenter.rb:20:in `instrument'
  activesupport (4.1.8) lib/active_support/notifications.rb:159:in `instrument'
  actionpack (4.1.8) lib/action_controller/metal/instrumentation.rb:30:in `process_action'
  actionpack (4.1.8) lib/action_controller/metal/params_wrapper.rb:250:in `process_action'
  activerecord (4.1.8) lib/active_record/railties/controller_runtime.rb:18:in `process_action'
  actionpack (4.1.8) lib/abstract_controller/base.rb:136:in `process'
  actionview (4.1.8) lib/action_view/rendering.rb:30:in `process'
  actionpack (4.1.8) lib/action_controller/metal.rb:196:in `dispatch'
  actionpack (4.1.8) lib/action_controller/metal/rack_delegation.rb:13:in `dispatch'
  actionpack (4.1.8) lib/action_controller/metal.rb:232:in `block in action'
  actionpack (4.1.8) lib/action_dispatch/routing/route_set.rb:82:in `call'
  actionpack (4.1.8) lib/action_dispatch/routing/route_set.rb:82:in `dispatch'
  actionpack (4.1.8) lib/action_dispatch/routing/route_set.rb:50:in `call'
  actionpack (4.1.8) lib/action_dispatch/journey/router.rb:73:in `block in call'
  actionpack (4.1.8) lib/action_dispatch/journey/router.rb:59:in `each'
  actionpack (4.1.8) lib/action_dispatch/journey/router.rb:59:in `call'
  actionpack (4.1.8) lib/action_dispatch/routing/route_set.rb:678:in `call'
  rack (1.5.2) lib/rack/etag.rb:23:in `call'
  rack (1.5.2) lib/rack/conditionalget.rb:35:in `call'
  rack (1.5.2) lib/rack/head.rb:11:in `call'
  actionpack (4.1.8) lib/action_dispatch/middleware/params_parser.rb:27:in `call'
  actionpack (4.1.8) lib/action_dispatch/middleware/flash.rb:254:in `call'
  rack (1.5.2) lib/rack/session/abstract/id.rb:225:in `context'
  rack (1.5.2) lib/rack/session/abstract/id.rb:220:in `call'
  actionpack (4.1.8) lib/action_dispatch/middleware/cookies.rb:560:in `call'
  activerecord (4.1.8) lib/active_record/query_cache.rb:36:in `call'
  activerecord (4.1.8) lib/active_record/connection_adapters/abstract/connection_pool.rb:621:in `call'
  activerecord (4.1.8) lib/active_record/migration.rb:380:in `call'
  actionpack (4.1.8) lib/action_dispatch/middleware/callbacks.rb:29:in `block in call'
  activesupport (4.1.8) lib/active_support/callbacks.rb:82:in `run_callbacks'
  actionpack (4.1.8) lib/action_dispatch/middleware/callbacks.rb:27:in `call'
  actionpack (4.1.8) lib/action_dispatch/middleware/reloader.rb:73:in `call'
  actionpack (4.1.8) lib/action_dispatch/middleware/remote_ip.rb:76:in `call'
  actionpack (4.1.8) lib/action_dispatch/middleware/debug_exceptions.rb:17:in `call'
  actionpack (4.1.8) lib/action_dispatch/middleware/show_exceptions.rb:30:in `call'
  railties (4.1.8) lib/rails/rack/logger.rb:38:in `call_app'
  railties (4.1.8) lib/rails/rack/logger.rb:20:in `block in call'
  activesupport (4.1.8) lib/active_support/tagged_logging.rb:68:in `block in tagged'
  activesupport (4.1.8) lib/active_support/tagged_logging.rb:26:in `tagged'
  activesupport (4.1.8) lib/active_support/tagged_logging.rb:68:in `tagged'
  railties (4.1.8) lib/rails/rack/logger.rb:20:in `call'
  actionpack (4.1.8) lib/action_dispatch/middleware/request_id.rb:21:in `call'
  rack (1.5.2) lib/rack/methodoverride.rb:21:in `call'
  rack (1.5.2) lib/rack/runtime.rb:17:in `call'
  activesupport (4.1.8) lib/active_support/cache/strategy/local_cache_middleware.rb:26:in `call'
  rack (1.5.2) lib/rack/lock.rb:17:in `call'
  actionpack (4.1.8) lib/action_dispatch/middleware/static.rb:84:in `call'
  rack (1.5.2) lib/rack/sendfile.rb:112:in `call'
  railties (4.1.8) lib/rails/engine.rb:514:in `call'
  railties (4.1.8) lib/rails/application.rb:144:in `call'
  rack (1.5.2) lib/rack/lock.rb:17:in `call'
  rack (1.5.2) lib/rack/content_length.rb:14:in `call'
  rack (1.5.2) lib/rack/handler/webrick.rb:60:in `service'
  /Users/codybrown/.rvm/rubies/ruby-2.1.5/lib/ruby/2.1.0/webrick/httpserver.rb:138:in `service'
  /Users/codybrown/.rvm/rubies/ruby-2.1.5/lib/ruby/2.1.0/webrick/httpserver.rb:94:in `run'
  /Users/codybrown/.rvm/rubies/ruby-2.1.5/lib/ruby/2.1.0/webrick/server.rb:295:in `block in start_thread'


  Rendered /Users/codybrown/.rvm/gems/ruby-2.1.5/gems/actionpack-4.1.8/lib/action_dispatch/middleware/templates/rescues/missing_template.html.erb within rescues/layout (0.5ms)
  [1m[35mPlanet Load (0.3ms)[0m  SELECT "planets".* FROM "planets"


Started GET "/" for 127.0.0.1 at 2015-01-30 16:07:06 -0700
  [1m[36mActiveRecord::SchemaMigration Load (0.5ms)[0m  [1mSELECT "schema_migrations".* FROM "schema_migrations"[0m
Processing by Rails::WelcomeController#index as HTML
  Rendered /Users/codybrown/.rvm/gems/ruby-2.1.5/gems/railties-4.1.8/lib/rails/templates/rails/welcome/index.html.erb (2.4ms)
Completed 200 OK in 18ms (Views: 8.9ms | ActiveRecord: 0.0ms)


Started GET "/planets/new" for 127.0.0.1 at 2015-01-30 16:07:13 -0700
Processing by PlanetsController#new as HTML
  Rendered planets/new.html.erb within layouts/application (23.6ms)
Completed 200 OK in 110ms (Views: 107.2ms | ActiveRecord: 0.4ms)


Started GET "/assets/planets.css?body=1" for 127.0.0.1 at 2015-01-30 16:07:13 -0700


Started GET "/assets/application.css?body=1" for 127.0.0.1 at 2015-01-30 16:07:13 -0700


Started GET "/assets/jquery.js?body=1" for 127.0.0.1 at 2015-01-30 16:07:13 -0700


Started GET "/assets/jquery_ujs.js?body=1" for 127.0.0.1 at 2015-01-30 16:07:13 -0700


Started GET "/assets/turbolinks.js?body=1" for 127.0.0.1 at 2015-01-30 16:07:13 -0700


Started GET "/assets/planets.js?body=1" for 127.0.0.1 at 2015-01-30 16:07:13 -0700


Started GET "/assets/application.js?body=1" for 127.0.0.1 at 2015-01-30 16:07:13 -0700
  [1m[36mPlanet Load (9.4ms)[0m  [1mSELECT "planets".* FROM "planets"[0m
  [1m[35m (0.3ms)[0m  SELECT COUNT(*) FROM "planets"


Started GET "/planets" for 127.0.0.1 at 2015-01-30 16:22:04 -0700
Processing by PlanetsController#index as HTML
  Rendered planets/index.html.erb within layouts/application (0.5ms)
Completed 500 Internal Server Error in 2ms

SyntaxError (/Users/codybrown/Desktop/cs4990/Rails/planetarium/app/views/planets/index.html.erb:22: syntax error, unexpected keyword_ensure, expecting keyword_end
/Users/codybrown/Desktop/cs4990/Rails/planetarium/app/views/planets/index.html.erb:24: syntax error, unexpected end-of-input, expecting keyword_end):
  app/views/planets/index.html.erb:22: syntax error, unexpected keyword_ensure, expecting keyword_end
  app/views/planets/index.html.erb:24: syntax error, unexpected end-of-input, expecting keyword_end


  Rendered /Users/codybrown/.rvm/gems/ruby-2.1.5/gems/actionpack-4.1.8/lib/action_dispatch/middleware/templates/rescues/_source.erb (0.8ms)
  Rendered /Users/codybrown/.rvm/gems/ruby-2.1.5/gems/actionpack-4.1.8/lib/action_dispatch/middleware/templates/rescues/_trace.html.erb (1.4ms)
  Rendered /Users/codybrown/.rvm/gems/ruby-2.1.5/gems/actionpack-4.1.8/lib/action_dispatch/middleware/templates/rescues/_request_and_response.html.erb (1.2ms)
  Rendered /Users/codybrown/.rvm/gems/ruby-2.1.5/gems/actionpack-4.1.8/lib/action_dispatch/middleware/templates/rescues/diagnostics.erb within rescues/layout (18.7ms)


Started GET "/planets" for 127.0.0.1 at 2015-01-30 16:22:51 -0700
Processing by PlanetsController#index as HTML
  Rendered planets/index.html.erb within layouts/application (1.1ms)
Completed 500 Internal Server Error in 3ms

ActionView::Template::Error (undefined method `each' for nil:NilClass):
     7: 		<th>Mass</th>
     8: 		<th>Volume</th>
     9: 	</tr>
    10: 	<% @planets.each do |planet| %>
    11: 	<tr>
    12: 		<td><%= planet.name %></td>
    13: 		<td><%= planet.position %></td>
  app/views/planets/index.html.erb:10:in `_app_views_planets_index_html_erb___1013869044985971008_70142582307340'


  Rendered /Users/codybrown/.rvm/gems/ruby-2.1.5/gems/actionpack-4.1.8/lib/action_dispatch/middleware/templates/rescues/_trace.html.erb (1.1ms)
  Rendered /Users/codybrown/.rvm/gems/ruby-2.1.5/gems/actionpack-4.1.8/lib/action_dispatch/middleware/templates/rescues/_request_and_response.html.erb (0.8ms)
  Rendered /Users/codybrown/.rvm/gems/ruby-2.1.5/gems/actionpack-4.1.8/lib/action_dispatch/middleware/templates/rescues/template_error.html.erb within rescues/layout (8.8ms)


Started GET "/planets" for 127.0.0.1 at 2015-01-30 16:23:00 -0700
Processing by PlanetsController#index as HTML
  [1m[35mPlanet Load (0.3ms)[0m  SELECT "planets".* FROM "planets"
  Rendered planets/index.html.erb within layouts/application (4.3ms)
Completed 200 OK in 41ms (Views: 39.1ms | ActiveRecord: 0.5ms)


Started GET "/assets/planets.css?body=1" for 127.0.0.1 at 2015-01-30 16:23:00 -0700


Started GET "/assets/application.css?body=1" for 127.0.0.1 at 2015-01-30 16:23:00 -0700


Started GET "/assets/jquery.js?body=1" for 127.0.0.1 at 2015-01-30 16:23:00 -0700


Started GET "/assets/jquery_ujs.js?body=1" for 127.0.0.1 at 2015-01-30 16:23:00 -0700


Started GET "/assets/planets.js?body=1" for 127.0.0.1 at 2015-01-30 16:23:00 -0700


Started GET "/assets/turbolinks.js?body=1" for 127.0.0.1 at 2015-01-30 16:23:00 -0700


Started GET "/assets/application.js?body=1" for 127.0.0.1 at 2015-01-30 16:23:00 -0700


Started GET "/planets" for 127.0.0.1 at 2015-01-30 16:25:07 -0700
Processing by PlanetsController#index as HTML
  [1m[36mPlanet Load (0.2ms)[0m  [1mSELECT "planets".* FROM "planets"[0m
  Rendered planets/index.html.erb within layouts/application (1.5ms)
Completed 200 OK in 38ms (Views: 36.8ms | ActiveRecord: 0.2ms)


Started GET "/assets/planets.css?body=1" for 127.0.0.1 at 2015-01-30 16:25:08 -0700


Started GET "/assets/application.css?body=1" for 127.0.0.1 at 2015-01-30 16:25:08 -0700


Started GET "/assets/jquery.js?body=1" for 127.0.0.1 at 2015-01-30 16:25:08 -0700


Started GET "/assets/turbolinks.js?body=1" for 127.0.0.1 at 2015-01-30 16:25:08 -0700


Started GET "/assets/jquery_ujs.js?body=1" for 127.0.0.1 at 2015-01-30 16:25:08 -0700


Started GET "/assets/application.js?body=1" for 127.0.0.1 at 2015-01-30 16:25:08 -0700


Started GET "/assets/planets.js?body=1" for 127.0.0.1 at 2015-01-30 16:25:08 -0700


Started GET "/planets/new" for 127.0.0.1 at 2015-01-30 16:25:09 -0700
Processing by PlanetsController#new as HTML
  Rendered planets/new.html.erb within layouts/application (3.5ms)
Completed 200 OK in 36ms (Views: 35.1ms | ActiveRecord: 0.0ms)


Started GET "/planets/new" for 127.0.0.1 at 2015-01-30 16:25:21 -0700
Processing by PlanetsController#new as HTML
  Rendered planets/new.html.erb within layouts/application (2.3ms)
Completed 200 OK in 40ms (Views: 40.0ms | ActiveRecord: 0.0ms)


Started GET "/assets/planets.css?body=1" for 127.0.0.1 at 2015-01-30 16:25:21 -0700


Started GET "/assets/turbolinks.js?body=1" for 127.0.0.1 at 2015-01-30 16:25:21 -0700


Started GET "/assets/jquery.js?body=1" for 127.0.0.1 at 2015-01-30 16:25:21 -0700


Started GET "/assets/planets.js?body=1" for 127.0.0.1 at 2015-01-30 16:25:21 -0700


Started GET "/assets/jquery_ujs.js?body=1" for 127.0.0.1 at 2015-01-30 16:25:21 -0700


Started GET "/assets/application.css?body=1" for 127.0.0.1 at 2015-01-30 16:25:21 -0700


Started GET "/assets/application.js?body=1" for 127.0.0.1 at 2015-01-30 16:25:21 -0700


Started GET "/planets" for 127.0.0.1 at 2015-01-30 16:25:23 -0700
Processing by PlanetsController#index as HTML
  [1m[35mPlanet Load (0.2ms)[0m  SELECT "planets".* FROM "planets"
  Rendered planets/index.html.erb within layouts/application (1.6ms)
Completed 200 OK in 37ms (Views: 36.2ms | ActiveRecord: 0.2ms)


Started GET "/planets" for 127.0.0.1 at 2015-01-30 16:25:24 -0700
Processing by PlanetsController#index as HTML
  [1m[36mPlanet Load (0.1ms)[0m  [1mSELECT "planets".* FROM "planets"[0m
  Rendered planets/index.html.erb within layouts/application (1.3ms)
Completed 200 OK in 36ms (Views: 34.9ms | ActiveRecord: 0.1ms)


Started GET "/assets/planets.css?body=1" for 127.0.0.1 at 2015-01-30 16:25:24 -0700


Started GET "/assets/application.css?body=1" for 127.0.0.1 at 2015-01-30 16:25:24 -0700


Started GET "/assets/jquery_ujs.js?body=1" for 127.0.0.1 at 2015-01-30 16:25:24 -0700


Started GET "/assets/jquery.js?body=1" for 127.0.0.1 at 2015-01-30 16:25:24 -0700


Started GET "/assets/turbolinks.js?body=1" for 127.0.0.1 at 2015-01-30 16:25:24 -0700


Started GET "/assets/planets.js?body=1" for 127.0.0.1 at 2015-01-30 16:25:24 -0700


Started GET "/assets/application.js?body=1" for 127.0.0.1 at 2015-01-30 16:25:24 -0700


Started GET "/planets/new" for 127.0.0.1 at 2015-01-30 16:25:25 -0700
Processing by PlanetsController#new as HTML
  Rendered planets/new.html.erb within layouts/application (2.4ms)
Completed 200 OK in 37ms (Views: 36.1ms | ActiveRecord: 0.0ms)


Started POST "/planets" for 127.0.0.1 at 2015-01-30 16:26:58 -0700
Processing by PlanetsController#create as HTML
  Parameters: {"utf8"=>"✓", "authenticity_token"=>"4+2QNIL96pfpRx/uja1IQhtxwCkNKXEK+mm4TxdYFSs=", "planet"=>{"name"=>"Mars", "position"=>"4", "orbital_speed"=>"2", "volume"=>"40 baziillion ", "mass"=>"2 gaziliodnflks"}, "commit"=>"Create Planet"}
  [1m[35m (0.1ms)[0m  begin transaction
  [1m[36mSQL (0.9ms)[0m  [1mINSERT INTO "planets" ("created_at", "mass", "name", "orbital_speed", "position", "updated_at", "volume") VALUES (?, ?, ?, ?, ?, ?, ?)[0m  [["created_at", "2015-01-30 23:26:58.840588"], ["mass", 2.0], ["name", "Mars"], ["orbital_speed", 2.0], ["position", 4], ["updated_at", "2015-01-30 23:26:58.840588"], ["volume", 40.0]]
  [1m[35m (0.7ms)[0m  commit transaction
Completed 500 Internal Server Error in 13ms

ActionView::MissingTemplate (Missing template planets/create, application/create with {:locale=>[:en], :formats=>[:html], :variants=>[], :handlers=>[:erb, :builder, :raw, :ruby, :coffee, :jbuilder]}. Searched in:
  * "/Users/codybrown/Desktop/cs4990/Rails/planetarium/app/views"
):
  actionview (4.1.8) lib/action_view/path_set.rb:46:in `find'
  actionview (4.1.8) lib/action_view/lookup_context.rb:124:in `find'
  actionview (4.1.8) lib/action_view/renderer/abstract_renderer.rb:18:in `find_template'
  actionview (4.1.8) lib/action_view/renderer/template_renderer.rb:41:in `determine_template'
  actionview (4.1.8) lib/action_view/renderer/template_renderer.rb:8:in `render'
  actionview (4.1.8) lib/action_view/renderer/renderer.rb:42:in `render_template'
  actionview (4.1.8) lib/action_view/renderer/renderer.rb:23:in `render'
  actionview (4.1.8) lib/action_view/rendering.rb:99:in `_render_template'
  actionpack (4.1.8) lib/action_controller/metal/streaming.rb:217:in `_render_template'
  actionview (4.1.8) lib/action_view/rendering.rb:82:in `render_to_body'
  actionpack (4.1.8) lib/action_controller/metal/rendering.rb:32:in `render_to_body'
  actionpack (4.1.8) lib/action_controller/metal/renderers.rb:32:in `render_to_body'
  actionpack (4.1.8) lib/abstract_controller/rendering.rb:25:in `render'
  actionpack (4.1.8) lib/action_controller/metal/rendering.rb:16:in `render'
  actionpack (4.1.8) lib/action_controller/metal/instrumentation.rb:41:in `block (2 levels) in render'
  activesupport (4.1.8) lib/active_support/core_ext/benchmark.rb:12:in `block in ms'
  /Users/codybrown/.rvm/rubies/ruby-2.1.5/lib/ruby/2.1.0/benchmark.rb:294:in `realtime'
  activesupport (4.1.8) lib/active_support/core_ext/benchmark.rb:12:in `ms'
  actionpack (4.1.8) lib/action_controller/metal/instrumentation.rb:41:in `block in render'
  actionpack (4.1.8) lib/action_controller/metal/instrumentation.rb:84:in `cleanup_view_runtime'
  activerecord (4.1.8) lib/active_record/railties/controller_runtime.rb:25:in `cleanup_view_runtime'
  actionpack (4.1.8) lib/action_controller/metal/instrumentation.rb:40:in `render'
  actionpack (4.1.8) lib/action_controller/metal/implicit_render.rb:10:in `default_render'
  actionpack (4.1.8) lib/action_controller/metal/implicit_render.rb:5:in `send_action'
  actionpack (4.1.8) lib/abstract_controller/base.rb:189:in `process_action'
  actionpack (4.1.8) lib/action_controller/metal/rendering.rb:10:in `process_action'
  actionpack (4.1.8) lib/abstract_controller/callbacks.rb:20:in `block in process_action'
  activesupport (4.1.8) lib/active_support/callbacks.rb:113:in `call'
  activesupport (4.1.8) lib/active_support/callbacks.rb:113:in `call'
  activesupport (4.1.8) lib/active_support/callbacks.rb:229:in `block in halting'
  activesupport (4.1.8) lib/active_support/callbacks.rb:229:in `call'
  activesupport (4.1.8) lib/active_support/callbacks.rb:229:in `block in halting'
  activesupport (4.1.8) lib/active_support/callbacks.rb:166:in `call'
  activesupport (4.1.8) lib/active_support/callbacks.rb:166:in `block in halting'
  activesupport (4.1.8) lib/active_support/callbacks.rb:166:in `call'
  activesupport (4.1.8) lib/active_support/callbacks.rb:166:in `block in halting'
  activesupport (4.1.8) lib/active_support/callbacks.rb:166:in `call'
  activesupport (4.1.8) lib/active_support/callbacks.rb:166:in `block in halting'
  activesupport (4.1.8) lib/active_support/callbacks.rb:86:in `call'
  activesupport (4.1.8) lib/active_support/callbacks.rb:86:in `run_callbacks'
  actionpack (4.1.8) lib/abstract_controller/callbacks.rb:19:in `process_action'
  actionpack (4.1.8) lib/action_controller/metal/rescue.rb:29:in `process_action'
  actionpack (4.1.8) lib/action_controller/metal/instrumentation.rb:31:in `block in process_action'
  activesupport (4.1.8) lib/active_support/notifications.rb:159:in `block in instrument'
  activesupport (4.1.8) lib/active_support/notifications/instrumenter.rb:20:in `instrument'
  activesupport (4.1.8) lib/active_support/notifications.rb:159:in `instrument'
  actionpack (4.1.8) lib/action_controller/metal/instrumentation.rb:30:in `process_action'
  actionpack (4.1.8) lib/action_controller/metal/params_wrapper.rb:250:in `process_action'
  activerecord (4.1.8) lib/active_record/railties/controller_runtime.rb:18:in `process_action'
  actionpack (4.1.8) lib/abstract_controller/base.rb:136:in `process'
  actionview (4.1.8) lib/action_view/rendering.rb:30:in `process'
  actionpack (4.1.8) lib/action_controller/metal.rb:196:in `dispatch'
  actionpack (4.1.8) lib/action_controller/metal/rack_delegation.rb:13:in `dispatch'
  actionpack (4.1.8) lib/action_controller/metal.rb:232:in `block in action'
  actionpack (4.1.8) lib/action_dispatch/routing/route_set.rb:82:in `call'
  actionpack (4.1.8) lib/action_dispatch/routing/route_set.rb:82:in `dispatch'
  actionpack (4.1.8) lib/action_dispatch/routing/route_set.rb:50:in `call'
  actionpack (4.1.8) lib/action_dispatch/journey/router.rb:73:in `block in call'
  actionpack (4.1.8) lib/action_dispatch/journey/router.rb:59:in `each'
  actionpack (4.1.8) lib/action_dispatch/journey/router.rb:59:in `call'
  actionpack (4.1.8) lib/action_dispatch/routing/route_set.rb:678:in `call'
  rack (1.5.2) lib/rack/etag.rb:23:in `call'
  rack (1.5.2) lib/rack/conditionalget.rb:35:in `call'
  rack (1.5.2) lib/rack/head.rb:11:in `call'
  actionpack (4.1.8) lib/action_dispatch/middleware/params_parser.rb:27:in `call'
  actionpack (4.1.8) lib/action_dispatch/middleware/flash.rb:254:in `call'
  rack (1.5.2) lib/rack/session/abstract/id.rb:225:in `context'
  rack (1.5.2) lib/rack/session/abstract/id.rb:220:in `call'
  actionpack (4.1.8) lib/action_dispatch/middleware/cookies.rb:560:in `call'
  activerecord (4.1.8) lib/active_record/query_cache.rb:36:in `call'
  activerecord (4.1.8) lib/active_record/connection_adapters/abstract/connection_pool.rb:621:in `call'
  activerecord (4.1.8) lib/active_record/migration.rb:380:in `call'
  actionpack (4.1.8) lib/action_dispatch/middleware/callbacks.rb:29:in `block in call'
  activesupport (4.1.8) lib/active_support/callbacks.rb:82:in `run_callbacks'
  actionpack (4.1.8) lib/action_dispatch/middleware/callbacks.rb:27:in `call'
  actionpack (4.1.8) lib/action_dispatch/middleware/reloader.rb:73:in `call'
  actionpack (4.1.8) lib/action_dispatch/middleware/remote_ip.rb:76:in `call'
  actionpack (4.1.8) lib/action_dispatch/middleware/debug_exceptions.rb:17:in `call'
  actionpack (4.1.8) lib/action_dispatch/middleware/show_exceptions.rb:30:in `call'
  railties (4.1.8) lib/rails/rack/logger.rb:38:in `call_app'
  railties (4.1.8) lib/rails/rack/logger.rb:20:in `block in call'
  activesupport (4.1.8) lib/active_support/tagged_logging.rb:68:in `block in tagged'
  activesupport (4.1.8) lib/active_support/tagged_logging.rb:26:in `tagged'
  activesupport (4.1.8) lib/active_support/tagged_logging.rb:68:in `tagged'
  railties (4.1.8) lib/rails/rack/logger.rb:20:in `call'
  actionpack (4.1.8) lib/action_dispatch/middleware/request_id.rb:21:in `call'
  rack (1.5.2) lib/rack/methodoverride.rb:21:in `call'
  rack (1.5.2) lib/rack/runtime.rb:17:in `call'
  activesupport (4.1.8) lib/active_support/cache/strategy/local_cache_middleware.rb:26:in `call'
  rack (1.5.2) lib/rack/lock.rb:17:in `call'
  actionpack (4.1.8) lib/action_dispatch/middleware/static.rb:84:in `call'
  rack (1.5.2) lib/rack/sendfile.rb:112:in `call'
  railties (4.1.8) lib/rails/engine.rb:514:in `call'
  railties (4.1.8) lib/rails/application.rb:144:in `call'
  rack (1.5.2) lib/rack/lock.rb:17:in `call'
  rack (1.5.2) lib/rack/content_length.rb:14:in `call'
  rack (1.5.2) lib/rack/handler/webrick.rb:60:in `service'
  /Users/codybrown/.rvm/rubies/ruby-2.1.5/lib/ruby/2.1.0/webrick/httpserver.rb:138:in `service'
  /Users/codybrown/.rvm/rubies/ruby-2.1.5/lib/ruby/2.1.0/webrick/httpserver.rb:94:in `run'
  /Users/codybrown/.rvm/rubies/ruby-2.1.5/lib/ruby/2.1.0/webrick/server.rb:295:in `block in start_thread'


  Rendered /Users/codybrown/.rvm/gems/ruby-2.1.5/gems/actionpack-4.1.8/lib/action_dispatch/middleware/templates/rescues/missing_template.html.erb within rescues/layout (0.6ms)


Started GET "/planets" for 127.0.0.1 at 2015-01-30 16:27:08 -0700
Processing by PlanetsController#index as HTML
  [1m[36mPlanet Load (0.2ms)[0m  [1mSELECT "planets".* FROM "planets"[0m
  Rendered planets/index.html.erb within layouts/application (1.2ms)
Completed 200 OK in 32ms (Views: 31.2ms | ActiveRecord: 0.2ms)


Started GET "/assets/planets.css?body=1" for 127.0.0.1 at 2015-01-30 16:27:08 -0700


Started GET "/assets/jquery_ujs.js?body=1" for 127.0.0.1 at 2015-01-30 16:27:08 -0700


Started GET "/assets/jquery.js?body=1" for 127.0.0.1 at 2015-01-30 16:27:08 -0700


Started GET "/assets/application.css?body=1" for 127.0.0.1 at 2015-01-30 16:27:08 -0700


Started GET "/assets/planets.js?body=1" for 127.0.0.1 at 2015-01-30 16:27:08 -0700


Started GET "/assets/application.js?body=1" for 127.0.0.1 at 2015-01-30 16:27:08 -0700


Started GET "/assets/turbolinks.js?body=1" for 127.0.0.1 at 2015-01-30 16:27:08 -0700


Started GET "/planets/1" for 127.0.0.1 at 2015-01-30 16:28:39 -0700

AbstractController::ActionNotFound (The action 'show' could not be found for PlanetsController):
  actionpack (4.1.8) lib/abstract_controller/base.rb:131:in `process'
  actionview (4.1.8) lib/action_view/rendering.rb:30:in `process'
  actionpack (4.1.8) lib/action_controller/metal.rb:196:in `dispatch'
  actionpack (4.1.8) lib/action_controller/metal/rack_delegation.rb:13:in `dispatch'
  actionpack (4.1.8) lib/action_controller/metal.rb:232:in `block in action'
  actionpack (4.1.8) lib/action_dispatch/routing/route_set.rb:82:in `call'
  actionpack (4.1.8) lib/action_dispatch/routing/route_set.rb:82:in `dispatch'
  actionpack (4.1.8) lib/action_dispatch/routing/route_set.rb:50:in `call'
  actionpack (4.1.8) lib/action_dispatch/journey/router.rb:73:in `block in call'
  actionpack (4.1.8) lib/action_dispatch/journey/router.rb:59:in `each'
  actionpack (4.1.8) lib/action_dispatch/journey/router.rb:59:in `call'
  actionpack (4.1.8) lib/action_dispatch/routing/route_set.rb:678:in `call'
  rack (1.5.2) lib/rack/etag.rb:23:in `call'
  rack (1.5.2) lib/rack/conditionalget.rb:25:in `call'
  rack (1.5.2) lib/rack/head.rb:11:in `call'
  actionpack (4.1.8) lib/action_dispatch/middleware/params_parser.rb:27:in `call'
  actionpack (4.1.8) lib/action_dispatch/middleware/flash.rb:254:in `call'
  rack (1.5.2) lib/rack/session/abstract/id.rb:225:in `context'
  rack (1.5.2) lib/rack/session/abstract/id.rb:220:in `call'
  actionpack (4.1.8) lib/action_dispatch/middleware/cookies.rb:560:in `call'
  activerecord (4.1.8) lib/active_record/query_cache.rb:36:in `call'
  activerecord (4.1.8) lib/active_record/connection_adapters/abstract/connection_pool.rb:621:in `call'
  activerecord (4.1.8) lib/active_record/migration.rb:380:in `call'
  actionpack (4.1.8) lib/action_dispatch/middleware/callbacks.rb:29:in `block in call'
  activesupport (4.1.8) lib/active_support/callbacks.rb:82:in `run_callbacks'
  actionpack (4.1.8) lib/action_dispatch/middleware/callbacks.rb:27:in `call'
  actionpack (4.1.8) lib/action_dispatch/middleware/reloader.rb:73:in `call'
  actionpack (4.1.8) lib/action_dispatch/middleware/remote_ip.rb:76:in `call'
  actionpack (4.1.8) lib/action_dispatch/middleware/debug_exceptions.rb:17:in `call'
  actionpack (4.1.8) lib/action_dispatch/middleware/show_exceptions.rb:30:in `call'
  railties (4.1.8) lib/rails/rack/logger.rb:38:in `call_app'
  railties (4.1.8) lib/rails/rack/logger.rb:20:in `block in call'
  activesupport (4.1.8) lib/active_support/tagged_logging.rb:68:in `block in tagged'
  activesupport (4.1.8) lib/active_support/tagged_logging.rb:26:in `tagged'
  activesupport (4.1.8) lib/active_support/tagged_logging.rb:68:in `tagged'
  railties (4.1.8) lib/rails/rack/logger.rb:20:in `call'
  actionpack (4.1.8) lib/action_dispatch/middleware/request_id.rb:21:in `call'
  rack (1.5.2) lib/rack/methodoverride.rb:21:in `call'
  rack (1.5.2) lib/rack/runtime.rb:17:in `call'
  activesupport (4.1.8) lib/active_support/cache/strategy/local_cache_middleware.rb:26:in `call'
  rack (1.5.2) lib/rack/lock.rb:17:in `call'
  actionpack (4.1.8) lib/action_dispatch/middleware/static.rb:84:in `call'
  rack (1.5.2) lib/rack/sendfile.rb:112:in `call'
  railties (4.1.8) lib/rails/engine.rb:514:in `call'
  railties (4.1.8) lib/rails/application.rb:144:in `call'
  rack (1.5.2) lib/rack/lock.rb:17:in `call'
  rack (1.5.2) lib/rack/content_length.rb:14:in `call'
  rack (1.5.2) lib/rack/handler/webrick.rb:60:in `service'
  /Users/codybrown/.rvm/rubies/ruby-2.1.5/lib/ruby/2.1.0/webrick/httpserver.rb:138:in `service'
  /Users/codybrown/.rvm/rubies/ruby-2.1.5/lib/ruby/2.1.0/webrick/httpserver.rb:94:in `run'
  /Users/codybrown/.rvm/rubies/ruby-2.1.5/lib/ruby/2.1.0/webrick/server.rb:295:in `block in start_thread'


  Rendered /Users/codybrown/.rvm/gems/ruby-2.1.5/gems/actionpack-4.1.8/lib/action_dispatch/middleware/templates/rescues/unknown_action.html.erb within rescues/layout (0.4ms)


Started GET "/planets/1" for 127.0.0.1 at 2015-01-30 16:28:45 -0700
Processing by PlanetsController#show as HTML
  Parameters: {"id"=>"1"}
Completed 500 Internal Server Error in 1ms

ActionView::MissingTemplate (Missing template planets/show, application/show with {:locale=>[:en], :formats=>[:html], :variants=>[], :handlers=>[:erb, :builder, :raw, :ruby, :coffee, :jbuilder]}. Searched in:
  * "/Users/codybrown/Desktop/cs4990/Rails/planetarium/app/views"
):
  actionview (4.1.8) lib/action_view/path_set.rb:46:in `find'
  actionview (4.1.8) lib/action_view/lookup_context.rb:124:in `find'
  actionview (4.1.8) lib/action_view/renderer/abstract_renderer.rb:18:in `find_template'
  actionview (4.1.8) lib/action_view/renderer/template_renderer.rb:41:in `determine_template'
  actionview (4.1.8) lib/action_view/renderer/template_renderer.rb:8:in `render'
  actionview (4.1.8) lib/action_view/renderer/renderer.rb:42:in `render_template'
  actionview (4.1.8) lib/action_view/renderer/renderer.rb:23:in `render'
  actionview (4.1.8) lib/action_view/rendering.rb:99:in `_render_template'
  actionpack (4.1.8) lib/action_controller/metal/streaming.rb:217:in `_render_template'
  actionview (4.1.8) lib/action_view/rendering.rb:82:in `render_to_body'
  actionpack (4.1.8) lib/action_controller/metal/rendering.rb:32:in `render_to_body'
  actionpack (4.1.8) lib/action_controller/metal/renderers.rb:32:in `render_to_body'
  actionpack (4.1.8) lib/abstract_controller/rendering.rb:25:in `render'
  actionpack (4.1.8) lib/action_controller/metal/rendering.rb:16:in `render'
  actionpack (4.1.8) lib/action_controller/metal/instrumentation.rb:41:in `block (2 levels) in render'
  activesupport (4.1.8) lib/active_support/core_ext/benchmark.rb:12:in `block in ms'
  /Users/codybrown/.rvm/rubies/ruby-2.1.5/lib/ruby/2.1.0/benchmark.rb:294:in `realtime'
  activesupport (4.1.8) lib/active_support/core_ext/benchmark.rb:12:in `ms'
  actionpack (4.1.8) lib/action_controller/metal/instrumentation.rb:41:in `block in render'
  actionpack (4.1.8) lib/action_controller/metal/instrumentation.rb:84:in `cleanup_view_runtime'
  activerecord (4.1.8) lib/active_record/railties/controller_runtime.rb:25:in `cleanup_view_runtime'
  actionpack (4.1.8) lib/action_controller/metal/instrumentation.rb:40:in `render'
  actionpack (4.1.8) lib/action_controller/metal/implicit_render.rb:10:in `default_render'
  actionpack (4.1.8) lib/action_controller/metal/implicit_render.rb:5:in `send_action'
  actionpack (4.1.8) lib/abstract_controller/base.rb:189:in `process_action'
  actionpack (4.1.8) lib/action_controller/metal/rendering.rb:10:in `process_action'
  actionpack (4.1.8) lib/abstract_controller/callbacks.rb:20:in `block in process_action'
  activesupport (4.1.8) lib/active_support/callbacks.rb:113:in `call'
  activesupport (4.1.8) lib/active_support/callbacks.rb:113:in `call'
  activesupport (4.1.8) lib/active_support/callbacks.rb:229:in `block in halting'
  activesupport (4.1.8) lib/active_support/callbacks.rb:229:in `call'
  activesupport (4.1.8) lib/active_support/callbacks.rb:229:in `block in halting'
  activesupport (4.1.8) lib/active_support/callbacks.rb:166:in `call'
  activesupport (4.1.8) lib/active_support/callbacks.rb:166:in `block in halting'
  activesupport (4.1.8) lib/active_support/callbacks.rb:166:in `call'
  activesupport (4.1.8) lib/active_support/callbacks.rb:166:in `block in halting'
  activesupport (4.1.8) lib/active_support/callbacks.rb:166:in `call'
  activesupport (4.1.8) lib/active_support/callbacks.rb:166:in `block in halting'
  activesupport (4.1.8) lib/active_support/callbacks.rb:86:in `call'
  activesupport (4.1.8) lib/active_support/callbacks.rb:86:in `run_callbacks'
  actionpack (4.1.8) lib/abstract_controller/callbacks.rb:19:in `process_action'
  actionpack (4.1.8) lib/action_controller/metal/rescue.rb:29:in `process_action'
  actionpack (4.1.8) lib/action_controller/metal/instrumentation.rb:31:in `block in process_action'
  activesupport (4.1.8) lib/active_support/notifications.rb:159:in `block in instrument'
  activesupport (4.1.8) lib/active_support/notifications/instrumenter.rb:20:in `instrument'
  activesupport (4.1.8) lib/active_support/notifications.rb:159:in `instrument'
  actionpack (4.1.8) lib/action_controller/metal/instrumentation.rb:30:in `process_action'
  actionpack (4.1.8) lib/action_controller/metal/params_wrapper.rb:250:in `process_action'
  activerecord (4.1.8) lib/active_record/railties/controller_runtime.rb:18:in `process_action'
  actionpack (4.1.8) lib/abstract_controller/base.rb:136:in `process'
  actionview (4.1.8) lib/action_view/rendering.rb:30:in `process'
  actionpack (4.1.8) lib/action_controller/metal.rb:196:in `dispatch'
  actionpack (4.1.8) lib/action_controller/metal/rack_delegation.rb:13:in `dispatch'
  actionpack (4.1.8) lib/action_controller/metal.rb:232:in `block in action'
  actionpack (4.1.8) lib/action_dispatch/routing/route_set.rb:82:in `call'
  actionpack (4.1.8) lib/action_dispatch/routing/route_set.rb:82:in `dispatch'
  actionpack (4.1.8) lib/action_dispatch/routing/route_set.rb:50:in `call'
  actionpack (4.1.8) lib/action_dispatch/journey/router.rb:73:in `block in call'
  actionpack (4.1.8) lib/action_dispatch/journey/router.rb:59:in `each'
  actionpack (4.1.8) lib/action_dispatch/journey/router.rb:59:in `call'
  actionpack (4.1.8) lib/action_dispatch/routing/route_set.rb:678:in `call'
  rack (1.5.2) lib/rack/etag.rb:23:in `call'
  rack (1.5.2) lib/rack/conditionalget.rb:25:in `call'
  rack (1.5.2) lib/rack/head.rb:11:in `call'
  actionpack (4.1.8) lib/action_dispatch/middleware/params_parser.rb:27:in `call'
  actionpack (4.1.8) lib/action_dispatch/middleware/flash.rb:254:in `call'
  rack (1.5.2) lib/rack/session/abstract/id.rb:225:in `context'
  rack (1.5.2) lib/rack/session/abstract/id.rb:220:in `call'
  actionpack (4.1.8) lib/action_dispatch/middleware/cookies.rb:560:in `call'
  activerecord (4.1.8) lib/active_record/query_cache.rb:36:in `call'
  activerecord (4.1.8) lib/active_record/connection_adapters/abstract/connection_pool.rb:621:in `call'
  activerecord (4.1.8) lib/active_record/migration.rb:380:in `call'
  actionpack (4.1.8) lib/action_dispatch/middleware/callbacks.rb:29:in `block in call'
  activesupport (4.1.8) lib/active_support/callbacks.rb:82:in `run_callbacks'
  actionpack (4.1.8) lib/action_dispatch/middleware/callbacks.rb:27:in `call'
  actionpack (4.1.8) lib/action_dispatch/middleware/reloader.rb:73:in `call'
  actionpack (4.1.8) lib/action_dispatch/middleware/remote_ip.rb:76:in `call'
  actionpack (4.1.8) lib/action_dispatch/middleware/debug_exceptions.rb:17:in `call'
  actionpack (4.1.8) lib/action_dispatch/middleware/show_exceptions.rb:30:in `call'
  railties (4.1.8) lib/rails/rack/logger.rb:38:in `call_app'
  railties (4.1.8) lib/rails/rack/logger.rb:20:in `block in call'
  activesupport (4.1.8) lib/active_support/tagged_logging.rb:68:in `block in tagged'
  activesupport (4.1.8) lib/active_support/tagged_logging.rb:26:in `tagged'
  activesupport (4.1.8) lib/active_support/tagged_logging.rb:68:in `tagged'
  railties (4.1.8) lib/rails/rack/logger.rb:20:in `call'
  actionpack (4.1.8) lib/action_dispatch/middleware/request_id.rb:21:in `call'
  rack (1.5.2) lib/rack/methodoverride.rb:21:in `call'
  rack (1.5.2) lib/rack/runtime.rb:17:in `call'
  activesupport (4.1.8) lib/active_support/cache/strategy/local_cache_middleware.rb:26:in `call'
  rack (1.5.2) lib/rack/lock.rb:17:in `call'
  actionpack (4.1.8) lib/action_dispatch/middleware/static.rb:84:in `call'
  rack (1.5.2) lib/rack/sendfile.rb:112:in `call'
  railties (4.1.8) lib/rails/engine.rb:514:in `call'
  railties (4.1.8) lib/rails/application.rb:144:in `call'
  rack (1.5.2) lib/rack/lock.rb:17:in `call'
  rack (1.5.2) lib/rack/content_length.rb:14:in `call'
  rack (1.5.2) lib/rack/handler/webrick.rb:60:in `service'
  /Users/codybrown/.rvm/rubies/ruby-2.1.5/lib/ruby/2.1.0/webrick/httpserver.rb:138:in `service'
  /Users/codybrown/.rvm/rubies/ruby-2.1.5/lib/ruby/2.1.0/webrick/httpserver.rb:94:in `run'
  /Users/codybrown/.rvm/rubies/ruby-2.1.5/lib/ruby/2.1.0/webrick/server.rb:295:in `block in start_thread'


  Rendered /Users/codybrown/.rvm/gems/ruby-2.1.5/gems/actionpack-4.1.8/lib/action_dispatch/middleware/templates/rescues/missing_template.html.erb within rescues/layout (0.4ms)


Started GET "/planets/1" for 127.0.0.1 at 2015-01-30 16:29:30 -0700
Processing by PlanetsController#show as HTML
  Parameters: {"id"=>"1"}
  Rendered planets/show.html.erb within layouts/application (0.4ms)
Completed 200 OK in 35ms (Views: 34.7ms | ActiveRecord: 0.0ms)


Started GET "/assets/planets.css?body=1" for 127.0.0.1 at 2015-01-30 16:29:31 -0700


Started GET "/assets/jquery.js?body=1" for 127.0.0.1 at 2015-01-30 16:29:31 -0700


Started GET "/assets/application.css?body=1" for 127.0.0.1 at 2015-01-30 16:29:31 -0700


Started GET "/assets/jquery_ujs.js?body=1" for 127.0.0.1 at 2015-01-30 16:29:31 -0700


Started GET "/assets/planets.js?body=1" for 127.0.0.1 at 2015-01-30 16:29:31 -0700


Started GET "/assets/application.js?body=1" for 127.0.0.1 at 2015-01-30 16:29:31 -0700


Started GET "/assets/turbolinks.js?body=1" for 127.0.0.1 at 2015-01-30 16:29:31 -0700


Started GET "/planets/1" for 127.0.0.1 at 2015-01-30 16:35:13 -0700
Processing by PlanetsController#show as HTML
  Parameters: {"id"=>"1"}
Completed 500 Internal Server Error in 2ms

NoMethodError (undefined method `fine' for #<Class:0x007f96b031cc40>):
  app/controllers/planets_controller.rb:21:in `show'


  Rendered /Users/codybrown/.rvm/gems/ruby-2.1.5/gems/actionpack-4.1.8/lib/action_dispatch/middleware/templates/rescues/_source.erb (0.5ms)
  Rendered /Users/codybrown/.rvm/gems/ruby-2.1.5/gems/actionpack-4.1.8/lib/action_dispatch/middleware/templates/rescues/_trace.html.erb (1.0ms)
  Rendered /Users/codybrown/.rvm/gems/ruby-2.1.5/gems/actionpack-4.1.8/lib/action_dispatch/middleware/templates/rescues/_request_and_response.html.erb (0.8ms)
  Rendered /Users/codybrown/.rvm/gems/ruby-2.1.5/gems/actionpack-4.1.8/lib/action_dispatch/middleware/templates/rescues/diagnostics.erb within rescues/layout (11.1ms)


Started GET "/planets/1" for 127.0.0.1 at 2015-01-30 16:35:28 -0700
Processing by PlanetsController#show as HTML
  Parameters: {"id"=>"1"}
  [1m[35mPlanet Load (0.1ms)[0m  SELECT  "planets".* FROM "planets"  WHERE "planets"."id" = ? LIMIT 1  [["id", 1]]
  Rendered planets/show.html.erb within layouts/application (0.6ms)
Completed 200 OK in 37ms (Views: 30.2ms | ActiveRecord: 0.5ms)


Started GET "/assets/planets.css?body=1" for 127.0.0.1 at 2015-01-30 16:35:28 -0700


Started GET "/assets/jquery.js?body=1" for 127.0.0.1 at 2015-01-30 16:35:28 -0700


Started GET "/assets/application.css?body=1" for 127.0.0.1 at 2015-01-30 16:35:28 -0700


Started GET "/assets/jquery_ujs.js?body=1" for 127.0.0.1 at 2015-01-30 16:35:28 -0700


Started GET "/assets/turbolinks.js?body=1" for 127.0.0.1 at 2015-01-30 16:35:28 -0700


Started GET "/assets/planets.js?body=1" for 127.0.0.1 at 2015-01-30 16:35:28 -0700


Started GET "/assets/application.js?body=1" for 127.0.0.1 at 2015-01-30 16:35:28 -0700


Started GET "/planets/1" for 127.0.0.1 at 2015-01-30 16:36:09 -0700
Processing by PlanetsController#show as HTML
  Parameters: {"id"=>"1"}
  [1m[36mPlanet Load (0.1ms)[0m  [1mSELECT  "planets".* FROM "planets"  WHERE "planets"."id" = ? LIMIT 1[0m  [["id", 1]]
  Rendered planets/show.html.erb within layouts/application (0.6ms)
Completed 200 OK in 36ms (Views: 35.2ms | ActiveRecord: 0.1ms)


Started GET "/assets/planets.css?body=1" for 127.0.0.1 at 2015-01-30 16:36:09 -0700


Started GET "/assets/application.css?body=1" for 127.0.0.1 at 2015-01-30 16:36:09 -0700


Started GET "/assets/jquery.js?body=1" for 127.0.0.1 at 2015-01-30 16:36:09 -0700


Started GET "/assets/turbolinks.js?body=1" for 127.0.0.1 at 2015-01-30 16:36:09 -0700


Started GET "/assets/jquery_ujs.js?body=1" for 127.0.0.1 at 2015-01-30 16:36:09 -0700


Started GET "/assets/planets.js?body=1" for 127.0.0.1 at 2015-01-30 16:36:09 -0700


Started GET "/assets/application.js?body=1" for 127.0.0.1 at 2015-01-30 16:36:09 -0700


Started GET "/planets/new" for 127.0.0.1 at 2015-01-30 16:37:01 -0700
Processing by PlanetsController#new as HTML
  Rendered planets/new.html.erb within layouts/application (5.7ms)
Completed 200 OK in 42ms (Views: 39.2ms | ActiveRecord: 0.6ms)


Started POST "/planets" for 127.0.0.1 at 2015-01-30 16:37:14 -0700
Processing by PlanetsController#create as HTML
  Parameters: {"utf8"=>"✓", "authenticity_token"=>"4+2QNIL96pfpRx/uja1IQhtxwCkNKXEK+mm4TxdYFSs=", "planet"=>{"name"=>"Murcury", "position"=>"1", "orbital_speed"=>"23456", "volume"=>"112212", "mass"=>"131241234"}, "commit"=>"Create Planet"}
  [1m[35m (0.1ms)[0m  begin transaction
  [1m[36mSQL (0.7ms)[0m  [1mINSERT INTO "planets" ("created_at", "mass", "name", "orbital_speed", "position", "updated_at", "volume") VALUES (?, ?, ?, ?, ?, ?, ?)[0m  [["created_at", "2015-01-30 23:37:14.031075"], ["mass", 131241234.0], ["name", "Murcury"], ["orbital_speed", 23456.0], ["position", 1], ["updated_at", "2015-01-30 23:37:14.031075"], ["volume", 112212.0]]
  [1m[35m (1.0ms)[0m  commit transaction
Redirected to http://localhost:3000/planets/3
Completed 302 Found in 6ms (ActiveRecord: 1.8ms)


Started GET "/planets/3" for 127.0.0.1 at 2015-01-30 16:37:14 -0700
Processing by PlanetsController#show as HTML
  Parameters: {"id"=>"3"}
  [1m[36mPlanet Load (0.2ms)[0m  [1mSELECT  "planets".* FROM "planets"  WHERE "planets"."id" = ? LIMIT 1[0m  [["id", 3]]
  Rendered planets/show.html.erb within layouts/application (0.1ms)
Completed 200 OK in 35ms (Views: 33.5ms | ActiveRecord: 0.2ms)


Started GET "/assets/planets.css?body=1" for 127.0.0.1 at 2015-01-30 16:37:14 -0700


Started GET "/assets/application.css?body=1" for 127.0.0.1 at 2015-01-30 16:37:14 -0700


Started GET "/assets/jquery.js?body=1" for 127.0.0.1 at 2015-01-30 16:37:14 -0700


Started GET "/assets/turbolinks.js?body=1" for 127.0.0.1 at 2015-01-30 16:37:14 -0700


Started GET "/assets/application.js?body=1" for 127.0.0.1 at 2015-01-30 16:37:14 -0700


Started GET "/assets/planets.js?body=1" for 127.0.0.1 at 2015-01-30 16:37:14 -0700


Started GET "/assets/jquery_ujs.js?body=1" for 127.0.0.1 at 2015-01-30 16:37:14 -0700


Started GET "/planets/3" for 127.0.0.1 at 2015-01-30 16:37:52 -0700
Processing by PlanetsController#show as HTML
  Parameters: {"id"=>"3"}
  [1m[35mPlanet Load (0.1ms)[0m  SELECT  "planets".* FROM "planets"  WHERE "planets"."id" = ? LIMIT 1  [["id", 3]]
  Rendered planets/show.html.erb within layouts/application (0.7ms)
Completed 200 OK in 35ms (Views: 33.9ms | ActiveRecord: 0.1ms)


Started GET "/assets/planets.css?body=1" for 127.0.0.1 at 2015-01-30 16:37:52 -0700


Started GET "/assets/jquery_ujs.js?body=1" for 127.0.0.1 at 2015-01-30 16:37:52 -0700


Started GET "/assets/application.css?body=1" for 127.0.0.1 at 2015-01-30 16:37:52 -0700


Started GET "/assets/jquery.js?body=1" for 127.0.0.1 at 2015-01-30 16:37:52 -0700


Started GET "/assets/application.js?body=1" for 127.0.0.1 at 2015-01-30 16:37:52 -0700


Started GET "/assets/turbolinks.js?body=1" for 127.0.0.1 at 2015-01-30 16:37:52 -0700


Started GET "/assets/planets.js?body=1" for 127.0.0.1 at 2015-01-30 16:37:52 -0700


Started GET "/planets" for 127.0.0.1 at 2015-01-30 16:37:54 -0700
Processing by PlanetsController#index as HTML
  [1m[36mPlanet Load (0.2ms)[0m  [1mSELECT "planets".* FROM "planets"[0m
  Rendered planets/index.html.erb within layouts/application (1.4ms)
Completed 200 OK in 33ms (Views: 32.6ms | ActiveRecord: 0.2ms)


Started GET "/planets/3/edit" for 127.0.0.1 at 2015-01-30 16:39:42 -0700

AbstractController::ActionNotFound (The action 'edit' could not be found for PlanetsController):
  actionpack (4.1.8) lib/abstract_controller/base.rb:131:in `process'
  actionview (4.1.8) lib/action_view/rendering.rb:30:in `process'
  actionpack (4.1.8) lib/action_controller/metal.rb:196:in `dispatch'
  actionpack (4.1.8) lib/action_controller/metal/rack_delegation.rb:13:in `dispatch'
  actionpack (4.1.8) lib/action_controller/metal.rb:232:in `block in action'
  actionpack (4.1.8) lib/action_dispatch/routing/route_set.rb:82:in `call'
  actionpack (4.1.8) lib/action_dispatch/routing/route_set.rb:82:in `dispatch'
  actionpack (4.1.8) lib/action_dispatch/routing/route_set.rb:50:in `call'
  actionpack (4.1.8) lib/action_dispatch/journey/router.rb:73:in `block in call'
  actionpack (4.1.8) lib/action_dispatch/journey/router.rb:59:in `each'
  actionpack (4.1.8) lib/action_dispatch/journey/router.rb:59:in `call'
  actionpack (4.1.8) lib/action_dispatch/routing/route_set.rb:678:in `call'
  rack (1.5.2) lib/rack/etag.rb:23:in `call'
  rack (1.5.2) lib/rack/conditionalget.rb:25:in `call'
  rack (1.5.2) lib/rack/head.rb:11:in `call'
  actionpack (4.1.8) lib/action_dispatch/middleware/params_parser.rb:27:in `call'
  actionpack (4.1.8) lib/action_dispatch/middleware/flash.rb:254:in `call'
  rack (1.5.2) lib/rack/session/abstract/id.rb:225:in `context'
  rack (1.5.2) lib/rack/session/abstract/id.rb:220:in `call'
  actionpack (4.1.8) lib/action_dispatch/middleware/cookies.rb:560:in `call'
  activerecord (4.1.8) lib/active_record/query_cache.rb:36:in `call'
  activerecord (4.1.8) lib/active_record/connection_adapters/abstract/connection_pool.rb:621:in `call'
  activerecord (4.1.8) lib/active_record/migration.rb:380:in `call'
  actionpack (4.1.8) lib/action_dispatch/middleware/callbacks.rb:29:in `block in call'
  activesupport (4.1.8) lib/active_support/callbacks.rb:82:in `run_callbacks'
  actionpack (4.1.8) lib/action_dispatch/middleware/callbacks.rb:27:in `call'
  actionpack (4.1.8) lib/action_dispatch/middleware/reloader.rb:73:in `call'
  actionpack (4.1.8) lib/action_dispatch/middleware/remote_ip.rb:76:in `call'
  actionpack (4.1.8) lib/action_dispatch/middleware/debug_exceptions.rb:17:in `call'
  actionpack (4.1.8) lib/action_dispatch/middleware/show_exceptions.rb:30:in `call'
  railties (4.1.8) lib/rails/rack/logger.rb:38:in `call_app'
  railties (4.1.8) lib/rails/rack/logger.rb:20:in `block in call'
  activesupport (4.1.8) lib/active_support/tagged_logging.rb:68:in `block in tagged'
  activesupport (4.1.8) lib/active_support/tagged_logging.rb:26:in `tagged'
  activesupport (4.1.8) lib/active_support/tagged_logging.rb:68:in `tagged'
  railties (4.1.8) lib/rails/rack/logger.rb:20:in `call'
  actionpack (4.1.8) lib/action_dispatch/middleware/request_id.rb:21:in `call'
  rack (1.5.2) lib/rack/methodoverride.rb:21:in `call'
  rack (1.5.2) lib/rack/runtime.rb:17:in `call'
  activesupport (4.1.8) lib/active_support/cache/strategy/local_cache_middleware.rb:26:in `call'
  rack (1.5.2) lib/rack/lock.rb:17:in `call'
  actionpack (4.1.8) lib/action_dispatch/middleware/static.rb:84:in `call'
  rack (1.5.2) lib/rack/sendfile.rb:112:in `call'
  railties (4.1.8) lib/rails/engine.rb:514:in `call'
  railties (4.1.8) lib/rails/application.rb:144:in `call'
  rack (1.5.2) lib/rack/lock.rb:17:in `call'
  rack (1.5.2) lib/rack/content_length.rb:14:in `call'
  rack (1.5.2) lib/rack/handler/webrick.rb:60:in `service'
  /Users/codybrown/.rvm/rubies/ruby-2.1.5/lib/ruby/2.1.0/webrick/httpserver.rb:138:in `service'
  /Users/codybrown/.rvm/rubies/ruby-2.1.5/lib/ruby/2.1.0/webrick/httpserver.rb:94:in `run'
  /Users/codybrown/.rvm/rubies/ruby-2.1.5/lib/ruby/2.1.0/webrick/server.rb:295:in `block in start_thread'


  Rendered /Users/codybrown/.rvm/gems/ruby-2.1.5/gems/actionpack-4.1.8/lib/action_dispatch/middleware/templates/rescues/unknown_action.html.erb within rescues/layout (0.6ms)


Started GET "/planets/3/edit" for 127.0.0.1 at 2015-01-30 16:40:08 -0700
Processing by PlanetsController#edit as HTML
  Parameters: {"id"=>"3"}
  Rendered planets/edit.html.erb within layouts/application (1.2ms)
Completed 500 Internal Server Error in 3ms

ActionView::Template::Error (First argument in form cannot contain nil or be empty):
    1: <h2>New Planet</h2>
    2: 
    3: <%= form_for(@planet) do |form| %>
    4: 
    5: <p>
    6: 	<%= form.label :name %><br />
  app/views/planets/edit.html.erb:3:in `_app_views_planets_edit_html_erb___286231120617939961_70142582650020'


  Rendered /Users/codybrown/.rvm/gems/ruby-2.1.5/gems/actionpack-4.1.8/lib/action_dispatch/middleware/templates/rescues/_trace.html.erb (1.0ms)
  Rendered /Users/codybrown/.rvm/gems/ruby-2.1.5/gems/actionpack-4.1.8/lib/action_dispatch/middleware/templates/rescues/_request_and_response.html.erb (1.7ms)
  Rendered /Users/codybrown/.rvm/gems/ruby-2.1.5/gems/actionpack-4.1.8/lib/action_dispatch/middleware/templates/rescues/template_error.html.erb within rescues/layout (10.3ms)


Started GET "/planets/3/edit" for 127.0.0.1 at 2015-01-30 16:41:50 -0700
Processing by PlanetsController#edit as HTML
  Parameters: {"id"=>"3"}
  Rendered planets/edit.html.erb within layouts/application (0.8ms)
Completed 500 Internal Server Error in 3ms

ActionView::Template::Error (First argument in form cannot contain nil or be empty):
    1: <h2>New Planet</h2>
    2: 
    3: <%= form_for(@planet) do |form| %>
    4: 
    5: <p>
    6: 	<%= form.label :name %><br />
  app/views/planets/edit.html.erb:3:in `_app_views_planets_edit_html_erb___286231120617939961_70142582650020'


  Rendered /Users/codybrown/.rvm/gems/ruby-2.1.5/gems/actionpack-4.1.8/lib/action_dispatch/middleware/templates/rescues/_trace.html.erb (1.2ms)
  Rendered /Users/codybrown/.rvm/gems/ruby-2.1.5/gems/actionpack-4.1.8/lib/action_dispatch/middleware/templates/rescues/_request_and_response.html.erb (0.8ms)
  Rendered /Users/codybrown/.rvm/gems/ruby-2.1.5/gems/actionpack-4.1.8/lib/action_dispatch/middleware/templates/rescues/template_error.html.erb within rescues/layout (9.1ms)


Started GET "/planets/3/edit" for 127.0.0.1 at 2015-01-30 16:41:54 -0700
Processing by PlanetsController#edit as HTML
  Parameters: {"id"=>"3"}
  [1m[35mPlanet Load (0.1ms)[0m  SELECT  "planets".* FROM "planets"  WHERE "planets"."id" = ? LIMIT 1  [["id", 3]]
  Rendered planets/edit.html.erb within layouts/application (4.1ms)
Completed 200 OK in 48ms (Views: 41.6ms | ActiveRecord: 0.6ms)


Started GET "/assets/planets.css?body=1" for 127.0.0.1 at 2015-01-30 16:41:54 -0700


Started GET "/assets/application.css?body=1" for 127.0.0.1 at 2015-01-30 16:41:54 -0700


Started GET "/assets/jquery.js?body=1" for 127.0.0.1 at 2015-01-30 16:41:54 -0700


Started GET "/assets/jquery_ujs.js?body=1" for 127.0.0.1 at 2015-01-30 16:41:54 -0700


Started GET "/assets/turbolinks.js?body=1" for 127.0.0.1 at 2015-01-30 16:41:54 -0700


Started GET "/assets/application.js?body=1" for 127.0.0.1 at 2015-01-30 16:41:54 -0700


Started GET "/assets/planets.js?body=1" for 127.0.0.1 at 2015-01-30 16:41:54 -0700


Started GET "/planets/3/edit" for 127.0.0.1 at 2015-01-30 16:43:40 -0700
Processing by PlanetsController#edit as HTML
  Parameters: {"id"=>"3"}
  [1m[36mPlanet Load (0.1ms)[0m  [1mSELECT  "planets".* FROM "planets"  WHERE "planets"."id" = ? LIMIT 1[0m  [["id", 3]]
  Rendered planets/edit.html.erb within layouts/application (4.2ms)
Completed 200 OK in 39ms (Views: 38.1ms | ActiveRecord: 0.1ms)


Started GET "/assets/planets.css?body=1" for 127.0.0.1 at 2015-01-30 16:43:40 -0700


Started GET "/assets/application.css?body=1" for 127.0.0.1 at 2015-01-30 16:43:40 -0700


Started GET "/assets/jquery_ujs.js?body=1" for 127.0.0.1 at 2015-01-30 16:43:41 -0700


Started GET "/assets/jquery.js?body=1" for 127.0.0.1 at 2015-01-30 16:43:41 -0700


Started GET "/assets/application.js?body=1" for 127.0.0.1 at 2015-01-30 16:43:41 -0700


Started GET "/assets/turbolinks.js?body=1" for 127.0.0.1 at 2015-01-30 16:43:41 -0700


Started GET "/assets/planets.js?body=1" for 127.0.0.1 at 2015-01-30 16:43:41 -0700


Started PATCH "/planets/3" for 127.0.0.1 at 2015-01-30 16:47:12 -0700
Processing by PlanetsController#update as HTML
  Parameters: {"utf8"=>"✓", "authenticity_token"=>"4+2QNIL96pfpRx/uja1IQhtxwCkNKXEK+mm4TxdYFSs=", "planet"=>{"name"=>"Murcury", "position"=>"1", "orbital_speed"=>"23456", "volume"=>"112212", "mass"=>"nonnon"}, "commit"=>"Update Planet", "id"=>"3"}
  [1m[35mPlanet Load (0.1ms)[0m  SELECT  "planets".* FROM "planets"  WHERE "planets"."id" = ? LIMIT 1  [["id", 3]]
  [1m[36m (0.1ms)[0m  [1mbegin transaction[0m
  [1m[35mSQL (0.4ms)[0m  UPDATE "planets" SET "mass" = ?, "updated_at" = ? WHERE "planets"."id" = 3  [["mass", 0.0], ["updated_at", "2015-01-30 23:47:12.377401"]]
  [1m[36m (0.7ms)[0m  [1mcommit transaction[0m
Redirected to http://localhost:3000/planets/3
Completed 302 Found in 11ms (ActiveRecord: 1.7ms)


Started GET "/planets/3" for 127.0.0.1 at 2015-01-30 16:47:12 -0700
Processing by PlanetsController#show as HTML
  Parameters: {"id"=>"3"}
  [1m[35mPlanet Load (0.1ms)[0m  SELECT  "planets".* FROM "planets"  WHERE "planets"."id" = ? LIMIT 1  [["id", 3]]
  Rendered planets/show.html.erb within layouts/application (0.3ms)
Completed 200 OK in 37ms (Views: 35.8ms | ActiveRecord: 0.1ms)


Started GET "/assets/planets.css?body=1" for 127.0.0.1 at 2015-01-30 16:47:12 -0700


Started GET "/assets/application.css?body=1" for 127.0.0.1 at 2015-01-30 16:47:12 -0700


Started GET "/assets/jquery.js?body=1" for 127.0.0.1 at 2015-01-30 16:47:12 -0700


Started GET "/assets/application.js?body=1" for 127.0.0.1 at 2015-01-30 16:47:12 -0700


Started GET "/assets/jquery_ujs.js?body=1" for 127.0.0.1 at 2015-01-30 16:47:12 -0700


Started GET "/assets/turbolinks.js?body=1" for 127.0.0.1 at 2015-01-30 16:47:12 -0700


Started GET "/assets/planets.js?body=1" for 127.0.0.1 at 2015-01-30 16:47:12 -0700


Started GET "/planets" for 127.0.0.1 at 2015-01-30 16:47:17 -0700
Processing by PlanetsController#index as HTML
  [1m[36mPlanet Load (0.2ms)[0m  [1mSELECT "planets".* FROM "planets"[0m
  Rendered planets/index.html.erb within layouts/application (1.1ms)
Completed 200 OK in 40ms (Views: 39.8ms | ActiveRecord: 0.2ms)


Started GET "/planets" for 127.0.0.1 at 2015-01-30 16:51:17 -0700
Processing by PlanetsController#index as HTML
  [1m[35mPlanet Load (0.2ms)[0m  SELECT "planets".* FROM "planets"
  Rendered planets/index.html.erb within layouts/application (2.4ms)
Completed 200 OK in 36ms (Views: 35.2ms | ActiveRecord: 0.2ms)


Started GET "/assets/planets.css?body=1" for 127.0.0.1 at 2015-01-30 16:51:17 -0700


Started GET "/assets/jquery.js?body=1" for 127.0.0.1 at 2015-01-30 16:51:17 -0700


Started GET "/assets/application.css?body=1" for 127.0.0.1 at 2015-01-30 16:51:17 -0700


Started GET "/assets/jquery_ujs.js?body=1" for 127.0.0.1 at 2015-01-30 16:51:17 -0700


Started GET "/assets/planets.js?body=1" for 127.0.0.1 at 2015-01-30 16:51:17 -0700


Started GET "/assets/turbolinks.js?body=1" for 127.0.0.1 at 2015-01-30 16:51:17 -0700


Started GET "/assets/application.js?body=1" for 127.0.0.1 at 2015-01-30 16:51:17 -0700


Started GET "/planets/1/edit" for 127.0.0.1 at 2015-01-30 16:51:21 -0700
Processing by PlanetsController#edit as HTML
  Parameters: {"id"=>"1"}
  [1m[36mPlanet Load (0.1ms)[0m  [1mSELECT  "planets".* FROM "planets"  WHERE "planets"."id" = ? LIMIT 1[0m  [["id", 1]]
  Rendered planets/edit.html.erb within layouts/application (3.6ms)
Completed 200 OK in 35ms (Views: 33.4ms | ActiveRecord: 0.1ms)


Started GET "/planets/1" for 127.0.0.1 at 2015-01-30 16:51:24 -0700
Processing by PlanetsController#show as HTML
  Parameters: {"id"=>"1"}
  [1m[35mPlanet Load (0.1ms)[0m  SELECT  "planets".* FROM "planets"  WHERE "planets"."id" = ? LIMIT 1  [["id", 1]]
  Rendered planets/show.html.erb within layouts/application (0.7ms)
Completed 200 OK in 37ms (Views: 36.4ms | ActiveRecord: 0.1ms)


Started GET "/planets/2" for 127.0.0.1 at 2015-01-30 16:51:27 -0700
Processing by PlanetsController#show as HTML
  Parameters: {"id"=>"2"}
  [1m[36mPlanet Load (0.1ms)[0m  [1mSELECT  "planets".* FROM "planets"  WHERE "planets"."id" = ? LIMIT 1[0m  [["id", 2]]
  Rendered planets/show.html.erb within layouts/application (0.3ms)
Completed 200 OK in 36ms (Views: 34.8ms | ActiveRecord: 0.1ms)
